::1 - - [15/Apr/2021:07:06:42 +0000] "GET /api/v1/product/08d19763-6d6d-3435-8c00-b56efb178303 HTTP/1.1" 200 12 "-" "PostmanRuntime/7.26.10"
::1 - - [15/Apr/2021:07:07:01 +0000] "GET /api/v1/product HTTP/1.1" 500 1349 "-" "PostmanRuntime/7.26.10"
::1 - - [15/Apr/2021:07:09:09 +0000] "GET /api/v1/product HTTP/1.1" 200 8428 "-" "PostmanRuntime/7.26.10"
::1 - - [15/Apr/2021:07:11:30 +0000] "GET /api/v1/product/0327f946-98b1-3baf-86b5-40833fd93fd2 HTTP/1.1" 200 838 "-" "PostmanRuntime/7.26.10"
::1 - - [15/Apr/2021:07:15:27 +0000] "POST /api/v1/product HTTP/1.1" 500 2489 "-" "PostmanRuntime/7.26.10"
::1 - - [15/Apr/2021:07:30:03 +0000] "POST /api/v1/product HTTP/1.1" 200 12 "-" "PostmanRuntime/7.26.10"
::1 - - [15/Apr/2021:07:49:51 +0000] "GET /api/v1/product HTTP/1.1" 200 8428 "-" "PostmanRuntime/7.26.10"
::1 - - [15/Apr/2021:07:55:09 +0000] "GET /api/v1/product/display/abc HTTP/1.1" 500 1285 "-" "PostmanRuntime/7.26.10"
::1 - - [15/Apr/2021:07:55:43 +0000] "GET /api/v1/product/display/abc HTTP/1.1" 200 12 "-" "PostmanRuntime/7.26.10"
::1 - - [15/Apr/2021:07:57:53 +0000] "GET /api/v1/product/display/abc HTTP/1.1" 200 553 "-" "PostmanRuntime/7.26.10"
::1 - - [15/Apr/2021:07:58:16 +0000] "GET /api/v1/product/abc HTTP/1.1" 200 12 "-" "PostmanRuntime/7.26.10"
::1 - - [15/Apr/2021:07:58:23 +0000] "GET /api/v1/product/abc HTTP/1.1" 200 12 "-" "PostmanRuntime/7.26.10"
::1 - - [15/Apr/2021:07:58:58 +0000] "GET /api/v1/product/display/abc HTTP/1.1" 200 553 "-" "PostmanRuntime/7.26.10"
::1 - - [15/Apr/2021:07:59:51 +0000] "GET /api/v1/account HTTP/1.1" 404 153 "-" "PostmanRuntime/7.26.10"
::1 - - [15/Apr/2021:08:03:30 +0000] "GET /api/v1/account HTTP/1.1" 200 232 "-" "PostmanRuntime/7.26.10"
::1 - - [15/Apr/2021:08:08:42 +0000] "GET /api/v1/parameter/list-category-id HTTP/1.1" 200 3585 "-" "PostmanRuntime/7.26.10"
::1 - - [15/Apr/2021:08:09:09 +0000] "GET /api/v1/parameter/list-product-id HTTP/1.1" 200 15049 "-" "PostmanRuntime/7.26.10"
::1 - - [15/Apr/2021:08:09:19 +0000] "GET /api/v1/parameter/list-account-id HTTP/1.1" 200 62 "-" "PostmanRuntime/7.26.10"
::1 - - [15/Apr/2021:08:10:25 +0000] "GET /api/v1/parameter/list-order-id HTTP/1.1" 500 2372 "-" "PostmanRuntime/7.26.10"
::1 - - [15/Apr/2021:08:13:06 +0000] "GET /api/v1/account/kihn.santino HTTP/1.1" 200 196 "-" "PostmanRuntime/7.26.10"
::1 - - [15/Apr/2021:08:24:33 +0000] "GET /api/v1/parameter/list-customer-id HTTP/1.1" 200 62 "-" "PostmanRuntime/7.26.10"
::1 - - [15/Apr/2021:08:25:14 +0000] "GET /api/v1/parameter/list-customer-id HTTP/1.1" 200 1115 "-" "PostmanRuntime/7.26.10"
::1 - - [15/Apr/2021:08:26:57 +0000] "GET /api/v1/product HTTP/1.1" 200 8428 "-" "PostmanRuntime/7.26.10"
::1 - - [15/Apr/2021:08:29:03 +0000] "POST /api/v1/order HTTP/1.1" 500 2359 "-" "PostmanRuntime/7.26.10"
::1 - - [15/Apr/2021:08:30:12 +0000] "POST /api/v1/order HTTP/1.1" 500 2451 "-" "PostmanRuntime/7.26.10"
::1 - - [15/Apr/2021:08:31:31 +0000] "POST /api/v1/order HTTP/1.1" 500 2359 "-" "PostmanRuntime/7.26.10"
::1 - - [15/Apr/2021:08:32:37 +0000] "POST /api/v1/order HTTP/1.1" 500 2342 "-" "PostmanRuntime/7.26.10"
::1 - - [15/Apr/2021:08:33:20 +0000] "POST /api/v1/order HTTP/1.1" 200 12 "-" "PostmanRuntime/7.26.10"
::1 - - [15/Apr/2021:08:34:21 +0000] "GET /api/v1/order HTTP/1.1" 200 328 "-" "PostmanRuntime/7.26.10"
::1 - - [15/Apr/2021:08:35:27 +0000] "GET /api/v1/parameter/list-customer-id HTTP/1.1" 200 1115 "-" "PostmanRuntime/7.26.10"
::1 - - [15/Apr/2021:08:36:11 +0000] "POST /api/v1/order HTTP/1.1" 200 45 "-" "PostmanRuntime/7.26.10"
::1 - - [15/Apr/2021:08:36:14 +0000] "GET /api/v1/order HTTP/1.1" 200 598 "-" "PostmanRuntime/7.26.10"
::1 - - [15/Apr/2021:08:36:29 +0000] "POST /api/v1/order HTTP/1.1" 500 2351 "-" "PostmanRuntime/7.26.10"
::1 - - [15/Apr/2021:08:36:46 +0000] "GET /api/v1/parameter/list-order-id HTTP/1.1" 200 136 "-" "PostmanRuntime/7.26.10"
::1 - - [15/Apr/2021:08:37:43 +0000] "GET /api/v1/auth/me HTTP/1.1" 500 144 "-" "PostmanRuntime/7.26.10"
::1 - - [15/Apr/2021:08:38:05 +0000] "GET /api/v1/account HTTP/1.1" 200 232 "-" "PostmanRuntime/7.26.10"
::1 - - [15/Apr/2021:08:38:40 +0000] "POST /api/v1/auth/login HTTP/1.1" 200 39 "-" "PostmanRuntime/7.26.10"
::1 - - [15/Apr/2021:08:53:02 +0000] "POST /api/v1/auth/login HTTP/1.1" 200 39 "-" "PostmanRuntime/7.26.10"
::1 - - [15/Apr/2021:08:55:27 +0000] "DELETE /api/v1/account/kihn.santino HTTP/1.1" 200 12 "-" "PostmanRuntime/7.26.10"
::1 - - [15/Apr/2021:08:58:20 +0000] "POST /api/v1/account HTTP/1.1" 200 49 "-" "PostmanRuntime/7.26.10"
::1 - - [15/Apr/2021:08:58:24 +0000] "GET /api/v1/account HTTP/1.1" 200 249 "-" "PostmanRuntime/7.26.10"
::1 - - [15/Apr/2021:08:58:55 +0000] "POST /api/v1/auth/login HTTP/1.1" 200 202 "-" "PostmanRuntime/7.26.10"
::1 - - [18/Jun/2021:14:06:36 +0000] "POST /api/v1/auth_admin HTTP/1.1" 404 157 "-" "PostmanRuntime/7.28.0"
::1 - - [18/Jun/2021:14:07:43 +0000] "POST /api/v1/admin HTTP/1.1" - - "-" "PostmanRuntime/7.28.0"
::1 - - [18/Jun/2021:14:11:13 +0000] "POST /api/v1/admin HTTP/1.1" - - "-" "PostmanRuntime/7.28.0"
::1 - - [18/Jun/2021:14:12:53 +0000] "POST /api/v1/admin HTTP/1.1" 200 83 "-" "PostmanRuntime/7.28.0"
::1 - - [18/Jun/2021:14:14:47 +0000] "GET /api/v1/admin/hieu.nq701 HTTP/1.1" 200 563 "-" "PostmanRuntime/7.28.0"
::1 - - [18/Jun/2021:14:22:44 +0000] "POST /api/v1/auth_admin/login HTTP/1.1" 200 203 "-" "PostmanRuntime/7.28.0"
::1 - - [18/Jun/2021:14:29:27 +0000] "POST /api/v1/category HTTP/1.1" 200 12 "-" "PostmanRuntime/7.28.0"
::1 - - [18/Jun/2021:14:31:27 +0000] "GET /api/v1/category HTTP/1.1" 500 2376 "-" "PostmanRuntime/7.28.0"
::1 - - [18/Jun/2021:14:33:11 +0000] "GET /api/v1/category HTTP/1.1" 200 216 "-" "PostmanRuntime/7.28.0"
::1 - - [18/Jun/2021:15:14:35 +0000] "POST /api/v1/producer HTTP/1.1" 500 144 "-" "PostmanRuntime/7.28.0"
::1 - - [18/Jun/2021:15:14:57 +0000] "POST /api/v1/producer HTTP/1.1" 500 2514 "-" "PostmanRuntime/7.28.0"
::1 - - [18/Jun/2021:15:15:51 +0000] "POST /api/v1/producer HTTP/1.1" 200 58 "-" "PostmanRuntime/7.28.0"
::1 - - [18/Jun/2021:15:16:19 +0000] "GET /api/v1/producer HTTP/1.1" 200 232 "-" "PostmanRuntime/7.28.0"
::1 - - [18/Jun/2021:15:16:36 +0000] "POST /api/v1/product HTTP/1.1" 200 12 "-" "PostmanRuntime/7.28.0"
::1 - - [18/Jun/2021:15:18:20 +0000] "GET /api/v1/product HTTP/1.1" 200 2410 "-" "PostmanRuntime/7.28.0"
::1 - - [20/Jun/2021:03:28:01 +0000] "GET /api/v1/province HTTP/1.1" 500 2567 "-" "PostmanRuntime/7.28.0"
::1 - - [20/Jun/2021:03:31:29 +0000] "GET /api/v1/province HTTP/1.1" 500 2376 "-" "PostmanRuntime/7.28.0"
::1 - - [20/Jun/2021:03:34:24 +0000] "GET /api/v1/province HTTP/1.1" 200 1774 "-" "PostmanRuntime/7.28.0"
::1 - - [20/Jun/2021:03:36:08 +0000] "GET /api/v1/district/1 HTTP/1.1" 500 2605 "-" "PostmanRuntime/7.28.0"
::1 - - [20/Jun/2021:03:36:47 +0000] "GET /api/v1/district/1 HTTP/1.1" 500 2605 "-" "PostmanRuntime/7.28.0"
::1 - - [20/Jun/2021:03:39:01 +0000] "GET /api/v1/district/?=1 HTTP/1.1" 404 155 "-" "PostmanRuntime/7.28.0"
::1 - - [20/Jun/2021:03:39:30 +0000] "GET /api/v1/district/1 HTTP/1.1" 500 2605 "-" "PostmanRuntime/7.28.0"
::1 - - [20/Jun/2021:03:39:47 +0000] "GET /api/v1/district/1 HTTP/1.1" 500 2605 "-" "PostmanRuntime/7.28.0"
::1 - - [20/Jun/2021:03:43:28 +0000] "GET /api/v1/district/1 HTTP/1.1" 500 2605 "-" "PostmanRuntime/7.28.0"
::1 - - [20/Jun/2021:03:45:22 +0000] "GET /api/v1/district/1 HTTP/1.1" 500 2605 "-" "PostmanRuntime/7.28.0"
::1 - - [20/Jun/2021:03:46:08 +0000] "GET /api/v1/product HTTP/1.1" 200 2410 "-" "PostmanRuntime/7.28.0"
::1 - - [20/Jun/2021:03:46:26 +0000] "GET /api/v1/product/2c31e HTTP/1.1" 200 2374 "-" "PostmanRuntime/7.28.0"
::1 - - [20/Jun/2021:03:47:50 +0000] "GET /api/v1/product/95a88 HTTP/1.1" 200 12 "-" "PostmanRuntime/7.28.0"
::1 - - [20/Jun/2021:03:49:04 +0000] "GET /api/v1/product/category/ HTTP/1.1" 200 12 "-" "PostmanRuntime/7.28.0"
::1 - - [20/Jun/2021:03:49:53 +0000] "GET /api/v1/product/category/95a88 HTTP/1.1" 200 2410 "-" "PostmanRuntime/7.28.0"
::1 - - [20/Jun/2021:03:51:02 +0000] "GET /api/v1/district/1 HTTP/1.1" 500 2613 "-" "PostmanRuntime/7.28.0"
::1 - - [20/Jun/2021:03:51:24 +0000] "GET /api/v1/district/1 HTTP/1.1" 500 2613 "-" "PostmanRuntime/7.28.0"
::1 - - [20/Jun/2021:03:53:19 +0000] "GET /api/v1/district/1 HTTP/1.1" 200 1907 "-" "PostmanRuntime/7.28.0"
::1 - - [20/Jun/2021:03:58:02 +0000] "GET /api/v1/district/1 HTTP/1.1" 200 5644 "-" "PostmanRuntime/7.28.0"
::1 - - [20/Jun/2021:03:58:28 +0000] "GET /api/v1/province HTTP/1.1" 500 1353 "-" "PostmanRuntime/7.28.0"
::1 - - [20/Jun/2021:03:59:03 +0000] "GET /api/v1/province HTTP/1.1" 200 10908 "-" "PostmanRuntime/7.28.0"
::1 - - [20/Jun/2021:04:11:32 +0000] "POST /api/v1/admin HTTP/1.1" 200 83 "-" "PostmanRuntime/7.28.0"
::1 - - [20/Jun/2021:04:11:47 +0000] "POST /api/v1/auth_admin/login HTTP/1.1" 200 203 "-" "PostmanRuntime/7.28.0"
::1 - - [20/Jun/2021:04:12:33 +0000] "GET /api/v1/admin/hieu.nq701 HTTP/1.1" 200 565 "-" "PostmanRuntime/7.28.0"
::1 - - [20/Jun/2021:04:13:39 +0000] "GET /api/v1/province HTTP/1.1" 200 10908 "-" "PostmanRuntime/7.28.0"
::1 - - [20/Jun/2021:04:13:58 +0000] "GET /api/v1/district/1 HTTP/1.1" 200 5644 "-" "PostmanRuntime/7.28.0"
::1 - - [20/Jun/2021:04:14:23 +0000] "GET /api/v1/product HTTP/1.1" 200 56 "-" "PostmanRuntime/7.28.0"
::1 - - [20/Jun/2021:04:19:57 +0000] "GET /api/v1/admin/hieu.nq701 HTTP/1.1" 200 565 "-" "PostmanRuntime/7.28.0"
::1 - - [20/Jun/2021:04:20:42 +0000] "GET /api/v1/admin/hieu.nq701 HTTP/1.1" 200 595 "-" "PostmanRuntime/7.28.0"
::1 - - [20/Jun/2021:04:23:32 +0000] "GET /api/v1/admin/hieu.nq701 HTTP/1.1" 200 595 "-" "PostmanRuntime/7.28.0"
::1 - - [20/Jun/2021:04:24:37 +0000] "PUT /api/v1/admin/984164f HTTP/1.1" 500 144 "-" "PostmanRuntime/7.28.0"
::1 - - [20/Jun/2021:04:24:57 +0000] "PUT /api/v1/admin/984164f HTTP/1.1" 500 2471 "-" "PostmanRuntime/7.28.0"
::1 - - [20/Jun/2021:04:26:35 +0000] "PUT /api/v1/admin/984164f HTTP/1.1" 500 2471 "-" "PostmanRuntime/7.28.0"
::1 - - [20/Jun/2021:04:27:51 +0000] "PUT /api/v1/admin/984164f HTTP/1.1" 500 2471 "-" "PostmanRuntime/7.28.0"
::1 - - [20/Jun/2021:04:28:34 +0000] "PUT /api/v1/admin/984164f HTTP/1.1" 500 2468 "-" "PostmanRuntime/7.28.0"
::1 - - [20/Jun/2021:04:29:04 +0000] "PUT /api/v1/admin/984164f HTTP/1.1" 200 52 "-" "PostmanRuntime/7.28.0"
::1 - - [20/Jun/2021:04:29:10 +0000] "GET /api/v1/admin/hieu.nq701 HTTP/1.1" 200 600 "-" "PostmanRuntime/7.28.0"
::1 - - [20/Jun/2021:04:35:49 +0000] "POST /api/v1/admin HTTP/1.1" 200 83 "-" "PostmanRuntime/7.28.0"
::1 - - [20/Jun/2021:04:36:04 +0000] "POST /api/v1/auth_admin/login HTTP/1.1" 200 203 "-" "PostmanRuntime/7.28.0"
::1 - - [20/Jun/2021:04:36:09 +0000] "GET /api/v1/admin/hieu.nq701 HTTP/1.1" 200 605 "-" "PostmanRuntime/7.28.0"
::1 - - [20/Jun/2021:04:38:36 +0000] "PUT /api/v1/admin/fcf5de2 HTTP/1.1" 200 52 "-" "PostmanRuntime/7.28.0"
::1 - - [20/Jun/2021:04:38:41 +0000] "GET /api/v1/admin/hieu.nq701 HTTP/1.1" 200 605 "-" "PostmanRuntime/7.28.0"
::1 - - [20/Jun/2021:04:39:11 +0000] "PUT /api/v1/admin/fcf5de2 HTTP/1.1" 200 52 "-" "PostmanRuntime/7.28.0"
::1 - - [20/Jun/2021:04:39:14 +0000] "GET /api/v1/admin/hieu.nq701 HTTP/1.1" 200 605 "-" "PostmanRuntime/7.28.0"
::1 - - [20/Jun/2021:04:40:09 +0000] "GET /api/v1/province HTTP/1.1" 200 10908 "-" "PostmanRuntime/7.28.0"
::1 - - [20/Jun/2021:04:40:23 +0000] "GET /api/v1/district/1 HTTP/1.1" 200 5644 "-" "PostmanRuntime/7.28.0"
::1 - - [20/Jun/2021:04:56:51 +0000] "GET /api/v1/province HTTP/1.1" 200 10908 "-" "PostmanRuntime/7.28.0"
::1 - - [20/Jun/2021:04:57:30 +0000] "GET /api/v1/district/1 HTTP/1.1" 200 5644 "-" "PostmanRuntime/7.28.0"
::1 - - [20/Jun/2021:04:59:21 +0000] "POST /api/v1/customer HTTP/1.1" 404 155 "-" "PostmanRuntime/7.28.0"
::1 - - [20/Jun/2021:05:00:14 +0000] "POST /api/v1/customer HTTP/1.1" 500 1311 "-" "PostmanRuntime/7.28.0"
::1 - - [20/Jun/2021:05:02:58 +0000] "POST /api/v1/customer HTTP/1.1" 500 1803 "-" "PostmanRuntime/7.28.0"
::1 - - [20/Jun/2021:05:03:17 +0000] "POST /api/v1/customer HTTP/1.1" 200 50 "-" "PostmanRuntime/7.28.0"
::1 - - [20/Jun/2021:08:29:55 +0000] "POST /api/v1/customer HTTP/1.1" 200 50 "-" "PostmanRuntime/7.28.0"
::1 - - [20/Jun/2021:08:30:32 +0000] "GET /api/v1/customer HTTP/1.1" 200 958 "-" "PostmanRuntime/7.28.0"
::1 - - [20/Jun/2021:08:35:52 +0000] "GET /api/v1/customer HTTP/1.1" 200 958 "-" "PostmanRuntime/7.28.0"
::1 - - [20/Jun/2021:08:36:28 +0000] "POST /api/v1/auth_customer/login HTTP/1.1" 200 39 "-" "PostmanRuntime/7.28.0"
::1 - - [20/Jun/2021:08:38:08 +0000] "POST /api/v1/auth_customer/login HTTP/1.1" 200 39 "-" "PostmanRuntime/7.28.0"
::1 - - [20/Jun/2021:08:38:21 +0000] "POST /api/v1/auth_customer/login HTTP/1.1" 200 39 "-" "PostmanRuntime/7.28.0"
::1 - - [20/Jun/2021:08:41:22 +0000] "POST /api/v1/auth_customer/login HTTP/1.1" 200 39 "-" "PostmanRuntime/7.28.0"
::1 - - [20/Jun/2021:08:41:58 +0000] "POST /api/v1/auth_admin/login HTTP/1.1" 200 203 "-" "PostmanRuntime/7.28.0"
::1 - - [20/Jun/2021:08:42:31 +0000] "POST /api/v1/auth_customer/login HTTP/1.1" 200 39 "-" "PostmanRuntime/7.28.0"
::1 - - [20/Jun/2021:08:44:04 +0000] "POST /api/v1/auth_customer/login HTTP/1.1" 200 39 "-" "PostmanRuntime/7.28.0"
::1 - - [20/Jun/2021:08:44:27 +0000] "POST /api/v1/auth_customer/login HTTP/1.1" 200 39 "-" "PostmanRuntime/7.28.0"
::1 - - [20/Jun/2021:08:50:03 +0000] "POST /api/v1/auth_customer/login HTTP/1.1" 200 39 "-" "PostmanRuntime/7.28.0"
::1 - - [20/Jun/2021:08:50:26 +0000] "POST /api/v1/auth_customer/login HTTP/1.1" 200 39 "-" "PostmanRuntime/7.28.0"
::1 - - [20/Jun/2021:08:50:41 +0000] "POST /api/v1/auth_customer/login HTTP/1.1" 200 39 "-" "PostmanRuntime/7.28.0"
::1 - - [20/Jun/2021:08:51:37 +0000] "POST /api/v1/auth_customer/login HTTP/1.1" 200 39 "-" "PostmanRuntime/7.28.0"
::1 - - [20/Jun/2021:08:52:05 +0000] "POST /api/v1/auth_customer/login HTTP/1.1" 200 39 "-" "PostmanRuntime/7.28.0"
::1 - - [20/Jun/2021:08:52:12 +0000] "POST /api/v1/auth_customer/login HTTP/1.1" 200 39 "-" "PostmanRuntime/7.28.0"
::1 - - [20/Jun/2021:08:58:03 +0000] "POST /api/v1/customer HTTP/1.1" 200 50 "-" "PostmanRuntime/7.28.0"
::1 - - [20/Jun/2021:08:58:22 +0000] "POST /api/v1/auth_customer/login HTTP/1.1" 200 39 "-" "PostmanRuntime/7.28.0"
::1 - - [20/Jun/2021:09:13:39 +0000] "POST /api/v1/auth_customer/login HTTP/1.1" 200 39 "-" "PostmanRuntime/7.28.0"
::1 - - [20/Jun/2021:09:14:00 +0000] "POST /api/v1/auth_admin/login HTTP/1.1" 200 203 "-" "PostmanRuntime/7.28.0"
::1 - - [20/Jun/2021:09:14:12 +0000] "POST /api/v1/auth_customer/login HTTP/1.1" 200 39 "-" "PostmanRuntime/7.28.0"
::1 - - [20/Jun/2021:09:17:32 +0000] "POST /api/v1/auth_customer/login HTTP/1.1" 200 39 "-" "PostmanRuntime/7.28.0"
::1 - - [20/Jun/2021:09:21:19 +0000] "POST /api/v1/auth_customer/login HTTP/1.1" 200 39 "-" "PostmanRuntime/7.28.0"
::1 - - [20/Jun/2021:09:21:28 +0000] "POST /api/v1/auth_customer/login HTTP/1.1" 200 39 "-" "PostmanRuntime/7.28.0"
::1 - - [20/Jun/2021:09:21:38 +0000] "POST /api/v1/auth_customer/login HTTP/1.1" 200 39 "-" "PostmanRuntime/7.28.0"
::1 - - [20/Jun/2021:09:21:40 +0000] "POST /api/v1/auth_customer/login HTTP/1.1" 200 39 "-" "PostmanRuntime/7.28.0"
::1 - - [20/Jun/2021:09:22:50 +0000] "POST /api/v1/auth_customer/login HTTP/1.1" 200 39 "-" "PostmanRuntime/7.28.0"
::1 - - [20/Jun/2021:09:23:31 +0000] "POST /api/v1/auth_customer/login HTTP/1.1" 200 39 "-" "PostmanRuntime/7.28.0"
::1 - - [20/Jun/2021:09:24:52 +0000] "POST /api/v1/auth_admin/login HTTP/1.1" 200 203 "-" "PostmanRuntime/7.28.0"
::1 - - [20/Jun/2021:09:27:33 +0000] "POST /api/v1/admin HTTP/1.1" 200 83 "-" "PostmanRuntime/7.28.0"
::1 - - [20/Jun/2021:09:27:50 +0000] "POST /api/v1/customer HTTP/1.1" 500 1985 "-" "PostmanRuntime/7.28.0"
::1 - - [20/Jun/2021:09:34:16 +0000] "POST /api/v1/admin HTTP/1.1" 200 83 "-" "PostmanRuntime/7.28.0"
::1 - - [20/Jun/2021:09:34:23 +0000] "POST /api/v1/customer HTTP/1.1" 500 1987 "-" "PostmanRuntime/7.28.0"
::1 - - [20/Jun/2021:09:35:44 +0000] "POST /api/v1/admin HTTP/1.1" 200 83 "-" "PostmanRuntime/7.28.0"
::1 - - [20/Jun/2021:09:35:48 +0000] "POST /api/v1/customer HTTP/1.1" 500 1989 "-" "PostmanRuntime/7.28.0"
::1 - - [20/Jun/2021:09:44:54 +0000] "POST /api/v1/admin HTTP/1.1" 200 83 "-" "PostmanRuntime/7.28.0"
::1 - - [20/Jun/2021:09:45:11 +0000] "POST /api/v1/customer HTTP/1.1" 200 50 "-" "PostmanRuntime/7.28.0"
::1 - - [20/Jun/2021:09:45:24 +0000] "POST /api/v1/auth_admin/login HTTP/1.1" 200 203 "-" "PostmanRuntime/7.28.0"
::1 - - [20/Jun/2021:09:45:33 +0000] "POST /api/v1/auth_customer/login HTTP/1.1" 200 183 "-" "PostmanRuntime/7.28.0"
::1 - - [20/Jun/2021:09:47:47 +0000] "POST /api/v1/category HTTP/1.1" 200 58 "-" "PostmanRuntime/7.28.0"
::1 - - [20/Jun/2021:09:49:19 +0000] "POST /api/v1/product HTTP/1.1" 500 147 "-" "PostmanRuntime/7.28.0"
::1 - - [20/Jun/2021:09:50:35 +0000] "POST /api/v1/product HTTP/1.1" 500 2510 "-" "PostmanRuntime/7.28.0"
::1 - - [20/Jun/2021:09:50:53 +0000] "POST /api/v1/producer HTTP/1.1" 200 58 "-" "PostmanRuntime/7.28.0"
::1 - - [20/Jun/2021:09:50:58 +0000] "POST /api/v1/product HTTP/1.1" 500 2510 "-" "PostmanRuntime/7.28.0"
::1 - - [20/Jun/2021:09:51:12 +0000] "GET /api/v1/producer HTTP/1.1" 200 234 "-" "PostmanRuntime/7.28.0"
::1 - - [20/Jun/2021:09:51:22 +0000] "POST /api/v1/product HTTP/1.1" 500 2507 "-" "PostmanRuntime/7.28.0"
::1 - - [20/Jun/2021:09:51:38 +0000] "GET /api/v1/category HTTP/1.1" 200 218 "-" "PostmanRuntime/7.28.0"
::1 - - [20/Jun/2021:09:52:02 +0000] "POST /api/v1/product HTTP/1.1" 200 56 "-" "PostmanRuntime/7.28.0"
::1 - - [20/Jun/2021:09:52:18 +0000] "GET /api/v1/product HTTP/1.1" 200 2419 "-" "PostmanRuntime/7.28.0"
::1 - - [20/Jun/2021:09:55:04 +0000] "GET /api/v1/auth_customer/getMe HTTP/1.1" 404 165 "-" "PostmanRuntime/7.28.0"
::1 - - [20/Jun/2021:09:55:23 +0000] "GET /api/v1/auth_customer/me HTTP/1.1" 200 2 "-" "PostmanRuntime/7.28.0"
::1 - - [20/Jun/2021:09:56:14 +0000] "POST /api/v1/auth_customer/login HTTP/1.1" 200 183 "-" "PostmanRuntime/7.28.0"
::1 - - [20/Jun/2021:09:56:23 +0000] "GET /api/v1/auth_customer/me HTTP/1.1" 200 488 "-" "PostmanRuntime/7.28.0"
::1 - - [20/Jun/2021:09:56:44 +0000] "GET /api/v1/customer HTTP/1.1" 200 535 "-" "PostmanRuntime/7.28.0"
::1 - - [20/Jun/2021:09:57:34 +0000] "GET /api/v1/auth_customer/me HTTP/1.1" 200 488 "-" "PostmanRuntime/7.28.0"
::1 - - [20/Jun/2021:11:15:58 +0000] "POST /api/v1/admin HTTP/1.1" 200 83 "-" "PostmanRuntime/7.28.0"
::1 - - [20/Jun/2021:11:16:08 +0000] "POST /api/v1/customer HTTP/1.1" 200 50 "-" "PostmanRuntime/7.28.0"
::1 - - [20/Jun/2021:11:16:14 +0000] "POST /api/v1/category HTTP/1.1" 200 58 "-" "PostmanRuntime/7.28.0"
::1 - - [20/Jun/2021:11:16:20 +0000] "POST /api/v1/producer HTTP/1.1" 200 58 "-" "PostmanRuntime/7.28.0"
::1 - - [20/Jun/2021:11:16:24 +0000] "POST /api/v1/product HTTP/1.1" 500 2510 "-" "PostmanRuntime/7.28.0"
::1 - - [20/Jun/2021:11:17:01 +0000] "GET /api/v1/category HTTP/1.1" 200 218 "-" "PostmanRuntime/7.28.0"
::1 - - [20/Jun/2021:11:17:11 +0000] "GET /api/v1/producer HTTP/1.1" 200 234 "-" "PostmanRuntime/7.28.0"
::1 - - [20/Jun/2021:11:17:24 +0000] "POST /api/v1/product HTTP/1.1" 200 56 "-" "PostmanRuntime/7.28.0"
::1 - - [20/Jun/2021:11:17:38 +0000] "GET /api/v1/product HTTP/1.1" 200 2419 "-" "PostmanRuntime/7.28.0"
::1 - - [20/Jun/2021:11:32:47 +0000] "GET /api/v1/product HTTP/1.1" 200 2438 "-" "PostmanRuntime/7.28.0"
::1 - - [20/Jun/2021:11:33:08 +0000] "GET /api/v1/product/category/95a88 HTTP/1.1" 500 2515 "-" "PostmanRuntime/7.28.0"
::1 - - [20/Jun/2021:11:34:34 +0000] "GET /api/v1/product/2c31e HTTP/1.1" 200 12 "-" "PostmanRuntime/7.28.0"
::1 - - [20/Jun/2021:11:35:14 +0000] "GET /api/v1/category HTTP/1.1" 200 218 "-" "PostmanRuntime/7.28.0"
::1 - - [20/Jun/2021:11:35:27 +0000] "GET /api/v1/product/category/ecf9869 HTTP/1.1" 500 2515 "-" "PostmanRuntime/7.28.0"
::1 - - [20/Jun/2021:11:35:40 +0000] "GET /api/v1/product/16b1c08 HTTP/1.1" 200 2402 "-" "PostmanRuntime/7.28.0"
::1 - - [20/Jun/2021:11:36:06 +0000] "GET /api/v1/product/category/ecf9869 HTTP/1.1" 200 2438 "-" "PostmanRuntime/7.28.0"
::1 - - [20/Jun/2021:14:41:45 +0000] "POST /api/v1/admin HTTP/1.1" 200 83 "-" "PostmanRuntime/7.28.0"
::1 - - [20/Jun/2021:14:42:42 +0000] "POST /api/v1/customer HTTP/1.1" 200 50 "-" "PostmanRuntime/7.28.0"
::1 - - [20/Jun/2021:14:43:07 +0000] "POST /api/v1/auth_admin/login HTTP/1.1" 200 203 "-" "PostmanRuntime/7.28.0"
::1 - - [20/Jun/2021:14:43:21 +0000] "POST /api/v1/category HTTP/1.1" 200 58 "-" "PostmanRuntime/7.28.0"
::1 - - [20/Jun/2021:14:43:36 +0000] "POST /api/v1/producer HTTP/1.1" 200 58 "-" "PostmanRuntime/7.28.0"
::1 - - [20/Jun/2021:14:43:42 +0000] "GET /api/v1/producer HTTP/1.1" 200 234 "-" "PostmanRuntime/7.28.0"
::1 - - [20/Jun/2021:14:44:00 +0000] "GET /api/v1/category HTTP/1.1" 200 218 "-" "PostmanRuntime/7.28.0"
::1 - - [20/Jun/2021:14:44:10 +0000] "POST /api/v1/product HTTP/1.1" 200 56 "-" "PostmanRuntime/7.28.0"
::1 - - [21/Jun/2021:07:53:49 +0000] "POST /api/v1/admin HTTP/1.1" 200 83 "-" "PostmanRuntime/7.28.0"
::1 - - [21/Jun/2021:07:54:21 +0000] "POST /api/v1/customer HTTP/1.1" 200 50 "-" "PostmanRuntime/7.28.0"
::1 - - [21/Jun/2021:07:54:34 +0000] "POST /api/v1/auth_admin/login HTTP/1.1" 200 203 "-" "PostmanRuntime/7.28.0"
::1 - - [21/Jun/2021:07:54:55 +0000] "POST /api/v1/category HTTP/1.1" 200 58 "-" "PostmanRuntime/7.28.0"
::1 - - [21/Jun/2021:07:55:03 +0000] "GET /api/v1/category HTTP/1.1" 200 218 "-" "PostmanRuntime/7.28.0"
::1 - - [21/Jun/2021:07:55:08 +0000] "POST /api/v1/producer HTTP/1.1" 200 58 "-" "PostmanRuntime/7.28.0"
::1 - - [21/Jun/2021:07:55:15 +0000] "GET /api/v1/producer HTTP/1.1" 200 234 "-" "PostmanRuntime/7.28.0"
::1 - - [21/Jun/2021:07:55:48 +0000] "POST /api/v1/product HTTP/1.1" 500 144 "-" "PostmanRuntime/7.28.0"
::1 - - [21/Jun/2021:07:56:07 +0000] "POST /api/v1/product HTTP/1.1" 200 56 "-" "PostmanRuntime/7.28.0"
::1 - - [21/Jun/2021:07:58:33 +0000] "GET /api/v1/customer HTTP/1.1" 200 514 "-" "PostmanRuntime/7.28.0"
::1 - - [21/Jun/2021:08:03:23 +0000] "POST /api/v1/admin HTTP/1.1" 200 83 "-" "PostmanRuntime/7.28.0"
::1 - - [21/Jun/2021:08:04:43 +0000] "POST /api/v1/customer HTTP/1.1" 200 50 "-" "PostmanRuntime/7.28.0"
::1 - - [21/Jun/2021:08:05:01 +0000] "GET /api/v1/customer HTTP/1.1" 200 514 "-" "PostmanRuntime/7.28.0"
::1 - - [21/Jun/2021:08:09:13 +0000] "POST /api/v1/admin HTTP/1.1" 200 83 "-" "PostmanRuntime/7.28.0"
::1 - - [21/Jun/2021:08:09:48 +0000] "POST /api/v1/customer HTTP/1.1" 200 50 "-" "PostmanRuntime/7.28.0"
::1 - - [21/Jun/2021:08:09:57 +0000] "GET /api/v1/customer HTTP/1.1" 200 514 "-" "PostmanRuntime/7.28.0"
::1 - - [21/Jun/2021:08:10:21 +0000] "POST /api/v1/auth_admin/login HTTP/1.1" 200 203 "-" "PostmanRuntime/7.28.0"
::1 - - [21/Jun/2021:08:10:33 +0000] "POST /api/v1/category HTTP/1.1" 200 58 "-" "PostmanRuntime/7.28.0"
::1 - - [21/Jun/2021:08:10:39 +0000] "GET /api/v1/category HTTP/1.1" 200 218 "-" "PostmanRuntime/7.28.0"
::1 - - [21/Jun/2021:08:10:44 +0000] "POST /api/v1/producer HTTP/1.1" 200 58 "-" "PostmanRuntime/7.28.0"
::1 - - [21/Jun/2021:08:10:48 +0000] "GET /api/v1/producer HTTP/1.1" 200 234 "-" "PostmanRuntime/7.28.0"
::1 - - [21/Jun/2021:08:11:11 +0000] "POST /api/v1/product HTTP/1.1" 200 56 "-" "PostmanRuntime/7.28.0"
::1 - - [21/Jun/2021:08:12:29 +0000] "GET /api/v1/customer HTTP/1.1" 200 514 "-" "PostmanRuntime/7.28.0"
::1 - - [21/Jun/2021:08:37:57 +0000] "POST /api/v1/admin HTTP/1.1" 200 83 "-" "PostmanRuntime/7.28.0"
::1 - - [21/Jun/2021:08:38:02 +0000] "POST /api/v1/auth_admin/login HTTP/1.1" 200 203 "-" "PostmanRuntime/7.28.0"
::1 - - [21/Jun/2021:08:38:15 +0000] "POST /api/v1/category HTTP/1.1" 200 58 "-" "PostmanRuntime/7.28.0"
::1 - - [21/Jun/2021:08:38:19 +0000] "GET /api/v1/category HTTP/1.1" 200 218 "-" "PostmanRuntime/7.28.0"
::1 - - [21/Jun/2021:08:38:27 +0000] "POST /api/v1/producer HTTP/1.1" 200 58 "-" "PostmanRuntime/7.28.0"
::1 - - [21/Jun/2021:08:38:30 +0000] "GET /api/v1/producer HTTP/1.1" 200 234 "-" "PostmanRuntime/7.28.0"
::1 - - [21/Jun/2021:08:38:57 +0000] "POST /api/v1/product HTTP/1.1" 200 56 "-" "PostmanRuntime/7.28.0"
::1 - - [21/Jun/2021:08:39:04 +0000] "POST /api/v1/customer HTTP/1.1" 200 50 "-" "PostmanRuntime/7.28.0"
::1 - - [21/Jun/2021:08:39:06 +0000] "GET /api/v1/customer HTTP/1.1" 200 514 "-" "PostmanRuntime/7.28.0"
::1 - - [21/Jun/2021:09:02:53 +0000] "GET /api/v1/customer HTTP/1.1" 200 56 "-" "PostmanRuntime/7.28.0"
::1 - - [21/Jun/2021:09:03:01 +0000] "POST /api/v1/customer HTTP/1.1" 200 50 "-" "PostmanRuntime/7.28.0"
::1 - - [21/Jun/2021:09:03:05 +0000] "GET /api/v1/customer HTTP/1.1" 200 514 "-" "PostmanRuntime/7.28.0"
::1 - - [22/Jun/2021:02:51:37 +0000] "POST /api/v1/admin HTTP/1.1" 200 83 "-" "PostmanRuntime/7.28.0"
::1 - - [22/Jun/2021:02:51:52 +0000] "POST /api/v1/auth_admin/login HTTP/1.1" 200 203 "-" "PostmanRuntime/7.28.0"
::1 - - [22/Jun/2021:02:52:06 +0000] "GET /api/v1/admin/hieu.nq701 HTTP/1.1" 200 531 "-" "PostmanRuntime/7.28.0"
::1 - - [22/Jun/2021:02:52:28 +0000] "POST /api/v1/customer HTTP/1.1" 200 50 "-" "PostmanRuntime/7.28.0"
::1 - - [22/Jun/2021:02:52:51 +0000] "POST /api/v1/category HTTP/1.1" 200 58 "-" "PostmanRuntime/7.28.0"
::1 - - [22/Jun/2021:02:52:56 +0000] "GET /api/v1/category HTTP/1.1" 200 218 "-" "PostmanRuntime/7.28.0"
::1 - - [22/Jun/2021:02:53:03 +0000] "POST /api/v1/producer HTTP/1.1" 200 58 "-" "PostmanRuntime/7.28.0"
::1 - - [22/Jun/2021:02:53:08 +0000] "GET /api/v1/producer HTTP/1.1" 200 234 "-" "PostmanRuntime/7.28.0"
::1 - - [22/Jun/2021:02:56:23 +0000] "POST /api/v1/category HTTP/1.1" 200 58 "-" "PostmanRuntime/7.28.0"
::1 - - [22/Jun/2021:02:57:10 +0000] "POST /api/v1/category HTTP/1.1" 200 58 "-" "PostmanRuntime/7.28.0"
::1 - - [22/Jun/2021:02:57:16 +0000] "GET /api/v1/category HTTP/1.1" 200 551 "-" "PostmanRuntime/7.28.0"
::1 - - [22/Jun/2021:02:58:58 +0000] "POST /api/v1/producer HTTP/1.1" 200 58 "-" "PostmanRuntime/7.28.0"
::1 - - [22/Jun/2021:02:59:18 +0000] "GET /api/v1/producer HTTP/1.1" 200 414 "-" "PostmanRuntime/7.28.0"
::1 - - [22/Jun/2021:03:17:47 +0000] "POST /api/v1/product HTTP/1.1" 500 144 "-" "PostmanRuntime/7.28.0"
::1 - - [22/Jun/2021:03:18:09 +0000] "POST /api/v1/product HTTP/1.1" 200 56 "-" "PostmanRuntime/7.28.0"
::1 - - [22/Jun/2021:03:24:41 +0000] "POST /api/v1/product HTTP/1.1" 200 56 "-" "PostmanRuntime/7.28.0"
::1 - - [22/Jun/2021:03:24:51 +0000] "GET /api/v1/product HTTP/1.1" 200 2996 "-" "PostmanRuntime/7.28.0"
::1 - - [22/Jun/2021:03:25:11 +0000] "POST /api/v1/product HTTP/1.1" 500 144 "-" "PostmanRuntime/7.28.0"
::1 - - [22/Jun/2021:03:25:30 +0000] "POST /api/v1/product HTTP/1.1" 200 56 "-" "PostmanRuntime/7.28.0"
::1 - - [22/Jun/2021:03:25:35 +0000] "GET /api/v1/product HTTP/1.1" 200 5379 "-" "PostmanRuntime/7.28.0"
::1 - - [22/Jun/2021:03:30:59 +0000] "POST /api/v1/auth_customer/login HTTP/1.1" 200 183 "-" "PostmanRuntime/7.28.0"
::1 - - [22/Jun/2021:03:51:11 +0000] "POST /api/v1/auth_customer/login HTTP/1.1" 500 378 "-" "PostmanRuntime/7.28.0"
::1 - - [22/Jun/2021:03:58:07 +0000] "POST /api/v1/auth_customer/login HTTP/1.1" 500 378 "-" "PostmanRuntime/7.28.0"
::1 - - [22/Jun/2021:03:59:22 +0000] "POST /api/v1/auth_customer/login HTTP/1.1" 500 378 "-" "PostmanRuntime/7.28.0"
::1 - - [22/Jun/2021:04:00:00 +0000] "POST /api/v1/auth_customer/login HTTP/1.1" 200 214 "-" "PostmanRuntime/7.28.0"
::1 - - [22/Jun/2021:04:00:23 +0000] "GET /api/v1/order/customer HTTP/1.1" 404 160 "-" "PostmanRuntime/7.28.0"
::1 - - [22/Jun/2021:04:00:44 +0000] "POST /api/v1/order/customer HTTP/1.1" 500 2456 "-" "PostmanRuntime/7.28.0"
::1 - - [22/Jun/2021:04:02:22 +0000] "POST /api/v1/order/customer HTTP/1.1" 200 45 "-" "PostmanRuntime/7.28.0"
::1 - - [22/Jun/2021:04:16:10 +0000] "GET /api/v1/customer HTTP/1.1" 500 144 "-" "PostmanRuntime/7.28.0"
::1 - - [22/Jun/2021:04:16:39 +0000] "GET /api/v1/customer HTTP/1.1" 200 514 "-" "PostmanRuntime/7.28.0"
::1 - - [22/Jun/2021:04:16:49 +0000] "GET /api/v1/order/customer/e1af4be HTTP/1.1" 500 144 "-" "PostmanRuntime/7.28.0"
::1 - - [22/Jun/2021:04:17:10 +0000] "GET /api/v1/order/customer/e1af4be HTTP/1.1" 200 430 "-" "PostmanRuntime/7.28.0"
::1 - - [22/Jun/2021:07:18:30 +0000] "GET /api/v1/order/customer HTTP/1.1" 500 2468 "-" "PostmanRuntime/7.28.0"
::1 - - [22/Jun/2021:07:19:26 +0000] "GET /api/v1/order/customer HTTP/1.1" 500 2468 "-" "PostmanRuntime/7.28.0"
::1 - - [22/Jun/2021:07:21:17 +0000] "GET /api/v1/order/customer HTTP/1.1" 200 466 "-" "PostmanRuntime/7.28.0"
::1 - - [22/Jun/2021:07:30:28 +0000] "GET /api/v1/product HTTP/1.1" 200 5379 "-" "PostmanRuntime/7.28.0"
::1 - - [22/Jun/2021:07:32:41 +0000] "POST /api/v1/order/customer HTTP/1.1" 500 144 "-" "PostmanRuntime/7.28.0"
::1 - - [22/Jun/2021:07:33:31 +0000] "POST /api/v1/orderDetail HTTP/1.1" 500 2376 "-" "PostmanRuntime/7.28.0"
::1 - - [22/Jun/2021:07:35:02 +0000] "POST /api/v1/orderDetail HTTP/1.1" 500 2376 "-" "PostmanRuntime/7.28.0"
::1 - - [22/Jun/2021:07:46:31 +0000] "POST /api/v1/orderDetail HTTP/1.1" 500 2376 "-" "PostmanRuntime/7.28.0"
::1 - - [22/Jun/2021:07:46:55 +0000] "POST /api/v1/orderDetail HTTP/1.1" 500 2376 "-" "PostmanRuntime/7.28.0"
::1 - - [22/Jun/2021:07:47:30 +0000] "POST /api/v1/orderDetail HTTP/1.1" 200 51 "-" "PostmanRuntime/7.28.0"
::1 - - [22/Jun/2021:07:47:58 +0000] "POST /api/v1/orderDetail HTTP/1.1" 200 51 "-" "PostmanRuntime/7.28.0"
::1 - - [22/Jun/2021:07:48:04 +0000] "POST /api/v1/orderDetail HTTP/1.1" 200 51 "-" "PostmanRuntime/7.28.0"
::1 - - [22/Jun/2021:07:48:13 +0000] "PUT /api/v1/order/customer/55 HTTP/1.1" 500 2586 "-" "PostmanRuntime/7.28.0"
::1 - - [22/Jun/2021:07:48:38 +0000] "PUT /api/v1/order/customer/55 HTTP/1.1" 500 2553 "-" "PostmanRuntime/7.28.0"
::1 - - [22/Jun/2021:07:48:55 +0000] "PUT /api/v1/order/customer/55 HTTP/1.1" 500 2553 "-" "PostmanRuntime/7.28.0"
::1 - - [22/Jun/2021:07:49:58 +0000] "PUT /api/v1/order/customer/55 HTTP/1.1" 500 2553 "-" "PostmanRuntime/7.28.0"
::1 - - [22/Jun/2021:07:51:10 +0000] "PUT /api/v1/order/customer/55 HTTP/1.1" 500 2553 "-" "PostmanRuntime/7.28.0"
::1 - - [22/Jun/2021:07:52:21 +0000] "PUT /api/v1/order/customer/55 HTTP/1.1" 500 2553 "-" "PostmanRuntime/7.28.0"
::1 - - [22/Jun/2021:07:52:54 +0000] "PUT /api/v1/order/customer/55 HTTP/1.1" 500 2553 "-" "PostmanRuntime/7.28.0"
::1 - - [22/Jun/2021:07:59:42 +0000] "PUT /api/v1/order/customer/55 HTTP/1.1" 500 2553 "-" "PostmanRuntime/7.28.0"
::1 - - [22/Jun/2021:08:05:10 +0000] "PUT /api/v1/order/customer/55 HTTP/1.1" 500 2553 "-" "PostmanRuntime/7.28.0"
::1 - - [22/Jun/2021:08:06:02 +0000] "PUT /api/v1/order/customer/55 HTTP/1.1" 500 2553 "-" "PostmanRuntime/7.28.0"
::1 - - [22/Jun/2021:08:06:36 +0000] "PUT /api/v1/order/customer/55 HTTP/1.1" 500 2553 "-" "PostmanRuntime/7.28.0"
::1 - - [22/Jun/2021:08:07:34 +0000] "PUT /api/v1/order/customer/55 HTTP/1.1" 200 48 "-" "PostmanRuntime/7.28.0"
::1 - - [22/Jun/2021:08:10:48 +0000] "POST /api/v1/orderDetail HTTP/1.1" 200 51 "-" "PostmanRuntime/7.28.0"
::1 - - [22/Jun/2021:08:10:53 +0000] "POST /api/v1/orderDetail HTTP/1.1" 200 51 "-" "PostmanRuntime/7.28.0"
::1 - - [22/Jun/2021:08:10:58 +0000] "POST /api/v1/orderDetail HTTP/1.1" 200 51 "-" "PostmanRuntime/7.28.0"
::1 - - [22/Jun/2021:08:11:03 +0000] "PUT /api/v1/order/customer/55 HTTP/1.1" 200 48 "-" "PostmanRuntime/7.28.0"
::1 - - [22/Jun/2021:08:59:48 +0000] "GET /api/v1/orderDetail/55 HTTP/1.1" 200 12 "-" "PostmanRuntime/7.28.0"
::1 - - [22/Jun/2021:09:00:14 +0000] "GET /api/v1/orderDetail/55 HTTP/1.1" 200 12 "-" "PostmanRuntime/7.28.0"
::1 - - [22/Jun/2021:09:01:54 +0000] "GET /api/v1/orderDetail/55 HTTP/1.1" 200 12 "-" "PostmanRuntime/7.28.0"
::1 - - [22/Jun/2021:09:04:22 +0000] "GET /api/v1/orderDetail/code/55 HTTP/1.1" 404 165 "-" "PostmanRuntime/7.28.0"
::1 - - [22/Jun/2021:09:04:46 +0000] "GET /api/v1/orderDetail/code/55 HTTP/1.1" 500 2517 "-" "PostmanRuntime/7.28.0"
::1 - - [22/Jun/2021:09:05:27 +0000] "GET /api/v1/orderDetail/code/55 HTTP/1.1" 500 356 "-" "PostmanRuntime/7.28.0"
::1 - - [22/Jun/2021:09:05:59 +0000] "GET /api/v1/orderDetail/code/55 HTTP/1.1" 200 1606 "-" "PostmanRuntime/7.28.0"
::1 - - [22/Jun/2021:09:07:01 +0000] "GET /api/v1/orderDetail/code/55 HTTP/1.1" 200 1606 "-" "PostmanRuntime/7.28.0"
::1 - - [22/Jun/2021:09:08:07 +0000] "GET /api/v1/orderDetail/code/55 HTTP/1.1" 200 1640 "-" "PostmanRuntime/7.28.0"
::1 - - [22/Jun/2021:09:12:09 +0000] "GET /api/v1/product/search/tr%C3%A0 HTTP/1.1" 500 2589 "-" "PostmanRuntime/7.28.0"
::1 - - [22/Jun/2021:09:20:23 +0000] "GET /api/v1/product HTTP/1.1" 200 5379 "-" "PostmanRuntime/7.28.0"
::1 - - [22/Jun/2021:09:24:45 +0000] "GET /api/v1/product/search/tr%C3%A0 HTTP/1.1" 500 2536 "-" "PostmanRuntime/7.28.0"
::1 - - [22/Jun/2021:09:25:24 +0000] "GET /api/v1/product/search/tr%C3%A0 HTTP/1.1" 500 2396 "-" "PostmanRuntime/7.28.0"
::1 - - [22/Jun/2021:09:25:55 +0000] "GET /api/v1/product/search/tr%C3%A0 HTTP/1.1" 500 2386 "-" "PostmanRuntime/7.28.0"
::1 - - [22/Jun/2021:09:26:38 +0000] "GET /api/v1/product/search/tr%C3%A0 HTTP/1.1" 500 2008 "-" "PostmanRuntime/7.28.0"
::1 - - [22/Jun/2021:09:27:26 +0000] "GET /api/v1/product/search/tr%C3%A0 HTTP/1.1" 200 56 "-" "PostmanRuntime/7.28.0"
::1 - - [22/Jun/2021:09:28:02 +0000] "GET /api/v1/product/search/%tr%C3%A0% HTTP/1.1" 400 1268 "-" "PostmanRuntime/7.28.0"
::1 - - [22/Jun/2021:09:28:13 +0000] "GET /api/v1/product/search/'%tr%C3%A0%' HTTP/1.1" 400 1278 "-" "PostmanRuntime/7.28.0"
::1 - - [22/Jun/2021:09:33:16 +0000] "GET /api/v1/product/search?q=tr%C3%A0 HTTP/1.1" 200 12 "-" "PostmanRuntime/7.28.0"
::1 - - [22/Jun/2021:09:35:27 +0000] "GET /api/v1/product/search?name=tr%C3%A0 HTTP/1.1" 200 12 "-" "PostmanRuntime/7.28.0"
::1 - - [22/Jun/2021:09:35:52 +0000] "GET /api/v1/product/search?name=tr%C3%A0 HTTP/1.1" 200 12 "-" "PostmanRuntime/7.28.0"
::1 - - [22/Jun/2021:09:36:06 +0000] "GET /api/v1/product/search?name=tr%C3%A0 HTTP/1.1" 200 12 "-" "PostmanRuntime/7.28.0"
::1 - - [22/Jun/2021:09:37:44 +0000] "GET /api/v1/product/search/?name=tr%C3%A0 HTTP/1.1" 200 12 "-" "PostmanRuntime/7.28.0"
::1 - - [22/Jun/2021:09:39:42 +0000] "GET /api/v1/product/search/?name=tr%C3%A0 HTTP/1.1" 200 12 "-" "PostmanRuntime/7.28.0"
::1 - - [22/Jun/2021:09:41:34 +0000] "GET /api/v1/product/search/ HTTP/1.1" 200 12 "-" "PostmanRuntime/7.28.0"
::1 - - [22/Jun/2021:09:41:45 +0000] "GET /api/v1/product/search/tr%C3%A0 HTTP/1.1" 500 2536 "-" "PostmanRuntime/7.28.0"
::1 - - [22/Jun/2021:09:43:57 +0000] "GET /api/v1/product/search/tr%C3%A0 HTTP/1.1" 500 2537 "-" "PostmanRuntime/7.28.0"
::1 - - [22/Jun/2021:09:46:29 +0000] "GET /api/v1/product/search/tr%C3%A0 HTTP/1.1" 500 2537 "-" "PostmanRuntime/7.28.0"
::1 - - [22/Jun/2021:09:51:57 +0000] "GET /api/v1/product/search/tr%C3%A0 HTTP/1.1" 500 2537 "-" "PostmanRuntime/7.28.0"
::1 - - [22/Jun/2021:09:55:32 +0000] "GET /api/v1/product/search/tr%C3%A0 HTTP/1.1" 500 2509 "-" "PostmanRuntime/7.28.0"
::1 - - [22/Jun/2021:09:59:49 +0000] "GET /api/v1/product/search/tr%C3%A0 HTTP/1.1" 500 1303 "-" "PostmanRuntime/7.28.0"
::1 - - [22/Jun/2021:10:03:39 +0000] "GET /api/v1/product/search/tr%C3%A0 HTTP/1.1" 500 2470 "-" "PostmanRuntime/7.28.0"
::1 - - [22/Jun/2021:10:04:08 +0000] "GET /api/v1/product/search/tr%C3%A0 HTTP/1.1" 500 2536 "-" "PostmanRuntime/7.28.0"
::1 - - [22/Jun/2021:10:40:16 +0000] "GET /api/v1/product/search/tr%C3%A0 HTTP/1.1" 500 2531 "-" "PostmanRuntime/7.28.0"
::1 - - [22/Jun/2021:10:48:05 +0000] "GET /api/v1/product/search/tr%C3%A0 HTTP/1.1" 500 2536 "-" "PostmanRuntime/7.28.0"
::1 - - [22/Jun/2021:10:51:37 +0000] "GET /api/v1/product HTTP/1.1" 200 5379 "-" "PostmanRuntime/7.28.0"
::1 - - [22/Jun/2021:10:51:47 +0000] "GET /api/v1/product/606b497 HTTP/1.1" 200 1755 "-" "PostmanRuntime/7.28.0"
::1 - - [22/Jun/2021:10:54:20 +0000] "GET /api/v1/product/606b497 HTTP/1.1" 200 1755 "-" "PostmanRuntime/7.28.0"
::1 - - [22/Jun/2021:10:54:23 +0000] "GET /api/v1/product/search/tr%C3%A0 HTTP/1.1" 500 2502 "-" "PostmanRuntime/7.28.0"
::1 - - [22/Jun/2021:10:55:10 +0000] "GET /api/v1/product/search/tr%C3%A0 HTTP/1.1" 500 560 "-" "PostmanRuntime/7.28.0"
::1 - - [22/Jun/2021:10:57:31 +0000] "GET /api/v1/product/search/tr%C3%A0 HTTP/1.1" 500 2536 "-" "PostmanRuntime/7.28.0"
::1 - - [22/Jun/2021:10:58:06 +0000] "GET /api/v1/product/search/tr%C3%A0 HTTP/1.1" 500 2536 "-" "PostmanRuntime/7.28.0"
::1 - - [22/Jun/2021:10:58:20 +0000] "GET /api/v1/product/search/tr%C3%A0 HTTP/1.1" 500 2536 "-" "PostmanRuntime/7.28.0"
::1 - - [22/Jun/2021:11:01:46 +0000] "GET /api/v1/product/search/tr%C3%A0 HTTP/1.1" 500 2541 "-" "PostmanRuntime/7.28.0"
::1 - - [22/Jun/2021:11:04:07 +0000] "GET /api/v1/product/search/tr%C3%A0 HTTP/1.1" 500 1987 "-" "PostmanRuntime/7.28.0"
::1 - - [22/Jun/2021:11:09:17 +0000] "GET /api/v1/product/search/tr%C3%A0 HTTP/1.1" 500 1210 "-" "PostmanRuntime/7.28.0"
::1 - - [22/Jun/2021:11:09:53 +0000] "GET /api/v1/product/search/tr%C3%A0 HTTP/1.1" 500 2536 "-" "PostmanRuntime/7.28.0"
::1 - - [22/Jun/2021:11:12:01 +0000] "GET /api/v1/product/search/tr%C3%A0 HTTP/1.1" 500 2534 "-" "PostmanRuntime/7.28.0"
::1 - - [22/Jun/2021:11:13:22 +0000] "GET /api/v1/product/search/tr%C3%A0 HTTP/1.1" 500 2536 "-" "PostmanRuntime/7.28.0"
::1 - - [22/Jun/2021:11:14:52 +0000] "GET /api/v1/product/search/tr%C3%A0 HTTP/1.1" 500 2536 "-" "PostmanRuntime/7.28.0"
::1 - - [22/Jun/2021:11:15:07 +0000] "GET /api/v1/product/search/tr%C3%A0 HTTP/1.1" 500 2536 "-" "PostmanRuntime/7.28.0"
::1 - - [22/Jun/2021:12:21:10 +0000] "GET /api/v1/product/search/tr%C3%A0 HTTP/1.1" 500 1989 "-" "PostmanRuntime/7.28.0"
::1 - - [22/Jun/2021:12:22:24 +0000] "GET /api/v1/product/search/tr%C3%A0 HTTP/1.1" 200 2996 "-" "PostmanRuntime/7.28.0"
::1 - - [22/Jun/2021:12:22:43 +0000] "GET /api/v1/product/search/khay HTTP/1.1" 200 1260 "-" "PostmanRuntime/7.28.0"
::1 - - [22/Jun/2021:12:23:11 +0000] "GET /api/v1/product/search/%E1%BA%A5m HTTP/1.1" 200 2438 "-" "PostmanRuntime/7.28.0"
::1 - - [22/Jun/2021:12:23:32 +0000] "GET /api/v1/product/search/tra HTTP/1.1" 200 2996 "-" "PostmanRuntime/7.28.0"
::1 - - [22/Jun/2021:12:23:47 +0000] "GET /api/v1/product/search/am HTTP/1.1" 200 2438 "-" "PostmanRuntime/7.28.0"
::1 - - [23/Jun/2021:17:11:26 +0000] "POST /api/v1/product/upload HTTP/1.1" 500 144 "-" "PostmanRuntime/7.28.0"
::1 - - [23/Jun/2021:17:13:07 +0000] "POST /api/v1/admin HTTP/1.1" 200 83 "-" "PostmanRuntime/7.28.0"
::1 - - [23/Jun/2021:17:13:20 +0000] "POST /api/v1/auth_admin/login HTTP/1.1" 200 203 "-" "PostmanRuntime/7.28.0"
::1 - - [23/Jun/2021:17:13:38 +0000] "POST /api/v1/product/upload HTTP/1.1" 500 1162 "-" "PostmanRuntime/7.28.0"
::1 - - [23/Jun/2021:17:15:35 +0000] "POST /api/v1/product/upload HTTP/1.1" 500 1162 "-" "PostmanRuntime/7.28.0"
::1 - - [23/Jun/2021:17:15:51 +0000] "POST /api/v1/product/upload HTTP/1.1" 500 301 "-" "PostmanRuntime/7.28.0"
::1 - - [23/Jun/2021:17:16:42 +0000] "POST /api/v1/product/upload HTTP/1.1" 500 301 "-" "PostmanRuntime/7.28.0"
::1 - - [23/Jun/2021:17:17:01 +0000] "POST /api/v1/product/upload HTTP/1.1" 500 302 "-" "PostmanRuntime/7.28.0"
::1 - - [23/Jun/2021:17:17:13 +0000] "POST /api/v1/product/upload HTTP/1.1" 500 301 "-" "PostmanRuntime/7.28.0"
::1 - - [23/Jun/2021:17:19:52 +0000] "POST /api/v1/product/upload HTTP/1.1" 500 301 "-" "PostmanRuntime/7.28.0"
::1 - - [23/Jun/2021:17:22:06 +0000] "POST /api/v1/product/upload HTTP/1.1" 500 265 "-" "PostmanRuntime/7.28.0"
::1 - - [23/Jun/2021:17:24:52 +0000] "POST /api/v1/product/upload HTTP/1.1" 500 886 "-" "PostmanRuntime/7.28.0"
::1 - - [23/Jun/2021:17:26:50 +0000] "POST /api/v1/product/upload HTTP/1.1" 500 886 "-" "PostmanRuntime/7.28.0"
::1 - - [23/Jun/2021:17:30:27 +0000] "POST /api/v1/product/upload HTTP/1.1" 500 886 "-" "PostmanRuntime/7.28.0"
::1 - - [23/Jun/2021:17:30:30 +0000] "POST /api/v1/product/upload HTTP/1.1" 500 886 "-" "PostmanRuntime/7.28.0"
::1 - - [23/Jun/2021:17:31:17 +0000] "POST /api/v1/product/upload HTTP/1.1" 500 886 "-" "PostmanRuntime/7.28.0"
::1 - - [23/Jun/2021:17:33:33 +0000] "POST /api/v1/product/upload HTTP/1.1" 200 49 "-" "PostmanRuntime/7.28.0"
::1 - - [23/Jun/2021:17:33:46 +0000] "POST /api/v1/product/upload HTTP/1.1" 500 886 "-" "PostmanRuntime/7.28.0"
::1 - - [23/Jun/2021:17:34:58 +0000] "POST /api/v1/product/upload HTTP/1.1" 500 926 "-" "PostmanRuntime/7.28.0"
::1 - - [23/Jun/2021:17:35:09 +0000] "POST /api/v1/product/upload HTTP/1.1" 500 886 "-" "PostmanRuntime/7.28.0"
::1 - - [23/Jun/2021:17:35:17 +0000] "POST /api/v1/product/upload HTTP/1.1" 500 886 "-" "PostmanRuntime/7.28.0"
::1 - - [23/Jun/2021:17:35:57 +0000] "POST /api/v1/product/upload HTTP/1.1" 500 1213 "-" "PostmanRuntime/7.28.0"
::1 - - [23/Jun/2021:17:37:33 +0000] "POST /api/v1/product/upload HTTP/1.1" 500 1213 "-" "PostmanRuntime/7.28.0"
::1 - - [23/Jun/2021:17:38:05 +0000] "POST /api/v1/product/upload HTTP/1.1" 500 886 "-" "PostmanRuntime/7.28.0"
::1 - - [23/Jun/2021:17:45:14 +0000] "POST /api/v1/product/upload HTTP/1.1" 200 302 "-" "PostmanRuntime/7.28.0"
::1 - - [23/Jun/2021:17:46:05 +0000] "POST /api/v1/product/upload HTTP/1.1" 200 301 "-" "PostmanRuntime/7.28.0"
::1 - - [24/Jun/2021:03:21:27 +0000] "POST /api/v1/product/upload_multiple HTTP/1.1" 500 144 "-" "PostmanRuntime/7.28.0"
::1 - - [24/Jun/2021:03:21:41 +0000] "POST /api/v1/auth_admin/login HTTP/1.1" 200 203 "-" "PostmanRuntime/7.28.0"
::1 - - [24/Jun/2021:03:21:56 +0000] "POST /api/v1/product/upload HTTP/1.1" 200 301 "-" "PostmanRuntime/7.28.0"
::1 - - [24/Jun/2021:03:22:10 +0000] "POST /api/v1/product/upload_multiple HTTP/1.1" 500 1231 "-" "PostmanRuntime/7.28.0"
::1 - - [24/Jun/2021:03:22:44 +0000] "POST /api/v1/product/upload_multiple HTTP/1.1" 200 982 "-" "PostmanRuntime/7.28.0"
::1 - - [24/Jun/2021:03:24:16 +0000] "POST /api/v1/product/upload_multiple HTTP/1.1" 200 982 "-" "PostmanRuntime/7.28.0"
::1 - - [24/Jun/2021:03:31:52 +0000] "POST /api/v1/admin HTTP/1.1" 200 83 "-" "PostmanRuntime/7.28.0"
::1 - - [24/Jun/2021:03:31:59 +0000] "POST /api/v1/auth_admin/login HTTP/1.1" 200 203 "-" "PostmanRuntime/7.28.0"
::1 - - [24/Jun/2021:03:32:54 +0000] "POST /api/v1/category HTTP/1.1" 200 58 "-" "PostmanRuntime/7.28.0"
::1 - - [24/Jun/2021:03:33:07 +0000] "POST /api/v1/producer HTTP/1.1" 200 58 "-" "PostmanRuntime/7.28.0"
::1 - - [24/Jun/2021:03:33:25 +0000] "GET /api/v1/category HTTP/1.1" 200 223 "-" "PostmanRuntime/7.28.0"
::1 - - [24/Jun/2021:03:33:26 +0000] "GET /api/v1/producer HTTP/1.1" 200 237 "-" "PostmanRuntime/7.28.0"
::1 - - [24/Jun/2021:03:34:54 +0000] "POST /api/v1/product HTTP/1.1" 500 144 "-" "PostmanRuntime/7.28.0"
::1 - - [24/Jun/2021:03:35:18 +0000] "POST /api/v1/product HTTP/1.1" 500 1267 "-" "PostmanRuntime/7.28.0"
::1 - - [24/Jun/2021:03:35:38 +0000] "POST /api/v1/product HTTP/1.1" 500 1267 "-" "PostmanRuntime/7.28.0"
::1 - - [24/Jun/2021:03:36:01 +0000] "POST /api/v1/product HTTP/1.1" 500 2425 "-" "PostmanRuntime/7.28.0"
::1 - - [24/Jun/2021:03:36:41 +0000] "POST /api/v1/product HTTP/1.1" 200 56 "-" "PostmanRuntime/7.28.0"
::1 - - [24/Jun/2021:03:48:04 +0000] "GET /api/v1/product HTTP/1.1" 200 745 "-" "PostmanRuntime/7.28.0"
::1 - - [24/Jun/2021:03:49:13 +0000] "POST /api/v1/product/upload_multiple/6377a715- HTTP/1.1" 500 2377 "-" "PostmanRuntime/7.28.0"
::1 - - [24/Jun/2021:03:51:25 +0000] "POST /api/v1/product/upload_multiple/6377a715- HTTP/1.1" 500 895 "-" "PostmanRuntime/7.28.0"
::1 - - [24/Jun/2021:03:52:08 +0000] "POST /api/v1/product/upload_multiple/6377a715- HTTP/1.1" 200 3698 "-" "PostmanRuntime/7.28.0"
::1 - - [24/Jun/2021:04:06:41 +0000] "POST /api/v1/product/upload_multiple/6377a715- HTTP/1.1" 500 2550 "-" "PostmanRuntime/7.28.0"
::1 - - [24/Jun/2021:04:07:42 +0000] "POST /api/v1/product/upload_multiple/6377a715- HTTP/1.1" 200 3698 "-" "PostmanRuntime/7.28.0"
::1 - - [24/Jun/2021:04:08:27 +0000] "POST /api/v1/product/upload_multiple/6377a715- HTTP/1.1" 200 3698 "-" "PostmanRuntime/7.28.0"
::1 - - [24/Jun/2021:04:10:27 +0000] "POST /api/v1/product/upload_multiple/6377a715- HTTP/1.1" 200 3698 "-" "PostmanRuntime/7.28.0"
::1 - - [24/Jun/2021:04:10:46 +0000] "POST /api/v1/product/upload_multiple/6377a715- HTTP/1.1" 200 3698 "-" "PostmanRuntime/7.28.0"
::1 - - [24/Jun/2021:04:13:57 +0000] "POST /api/v1/product/upload_multiple/6377a715- HTTP/1.1" 200 3698 "-" "PostmanRuntime/7.28.0"
::1 - - [24/Jun/2021:04:14:41 +0000] "POST /api/v1/product/upload_multiple/6377a715- HTTP/1.1" 200 3698 "-" "PostmanRuntime/7.28.0"
::1 - - [24/Jun/2021:04:15:51 +0000] "POST /api/v1/product/upload_multiple/6377a715- HTTP/1.1" 200 3698 "-" "PostmanRuntime/7.28.0"
::1 - - [24/Jun/2021:04:19:39 +0000] "POST /api/v1/product/upload_multiple/6377a715- HTTP/1.1" 200 3698 "-" "PostmanRuntime/7.28.0"
::1 - - [24/Jun/2021:04:20:36 +0000] "POST /api/v1/product/upload_multiple/6377a715- HTTP/1.1" 200 3698 "-" "PostmanRuntime/7.28.0"
::1 - - [24/Jun/2021:04:22:30 +0000] "POST /api/v1/product/upload_multiple/6377a715- HTTP/1.1" 500 1086 "-" "PostmanRuntime/7.28.0"
::1 - - [24/Jun/2021:04:23:12 +0000] "POST /api/v1/product/upload_multiple/6377a715- HTTP/1.1" 500 1088 "-" "PostmanRuntime/7.28.0"
::1 - - [24/Jun/2021:04:24:21 +0000] "POST /api/v1/product/upload_multiple/6377a715- HTTP/1.1" 200 3698 "-" "PostmanRuntime/7.28.0"
::1 - - [24/Jun/2021:04:25:20 +0000] "POST /api/v1/product/upload_multiple/6377a715- HTTP/1.1" 200 3698 "-" "PostmanRuntime/7.28.0"
::1 - - [24/Jun/2021:04:25:58 +0000] "POST /api/v1/product/upload_multiple/6377a715- HTTP/1.1" 500 2394 "-" "PostmanRuntime/7.28.0"
::1 - - [24/Jun/2021:04:46:07 +0000] "POST /api/v1/product/upload_multiple/6377a715- HTTP/1.1" 500 1020 "-" "PostmanRuntime/7.28.0"
::1 - - [24/Jun/2021:04:46:42 +0000] "POST /api/v1/product/upload_multiple/6377a715- HTTP/1.1" 500 2394 "-" "PostmanRuntime/7.28.0"
::1 - - [24/Jun/2021:04:49:46 +0000] "POST /api/v1/product/upload_multiple/6377a715- HTTP/1.1" 200 3698 "-" "PostmanRuntime/7.28.0"
::1 - - [24/Jun/2021:05:04:42 +0000] "GET /api/v1/product/6377a715- HTTP/1.1" 200 2273 "-" "PostmanRuntime/7.28.0"
::1 - - [24/Jun/2021:05:05:24 +0000] "GET /api/v1/product/6377a715- HTTP/1.1" 200 2363 "-" "PostmanRuntime/7.28.0"
::1 - - [24/Jun/2021:08:25:48 +0000] "POST /api/v1/category HTTP/1.1" 200 58 "-" "PostmanRuntime/7.28.0"
::1 - - [24/Jun/2021:08:26:04 +0000] "POST /api/v1/category HTTP/1.1" 200 58 "-" "PostmanRuntime/7.28.0"
::1 - - [24/Jun/2021:08:26:10 +0000] "GET /api/v1/category HTTP/1.1" 200 558 "-" "PostmanRuntime/7.28.0"
::1 - - [24/Jun/2021:08:26:34 +0000] "POST /api/v1/producer HTTP/1.1" 200 58 "-" "PostmanRuntime/7.28.0"
::1 - - [24/Jun/2021:08:26:39 +0000] "GET /api/v1/producer HTTP/1.1" 200 419 "-" "PostmanRuntime/7.28.0"
::1 - - [24/Jun/2021:08:28:40 +0000] "POST /api/v1/product HTTP/1.1" 200 56 "-" "PostmanRuntime/7.28.0"
::1 - - [24/Jun/2021:08:32:17 +0000] "GET /api/v1/product/category/d0127cf2- HTTP/1.1" 500 2397 "-" "PostmanRuntime/7.28.0"
::1 - - [24/Jun/2021:08:32:53 +0000] "GET /api/v1/product/category/d0127cf2- HTTP/1.1" 200 1932 "-" "PostmanRuntime/7.28.0"
::1 - - [24/Jun/2021:08:37:18 +0000] "POST /api/v1/product/upload_multiple/2d8ba5cc- HTTP/1.1" 500 2389 "-" "PostmanRuntime/7.28.0"
::1 - - [24/Jun/2021:08:44:14 +0000] "POST /api/v1/product/upload_multiple/6377a715- HTTP/1.1" 500 2394 "-" "PostmanRuntime/7.28.0"
::1 - - [24/Jun/2021:08:49:30 +0000] "POST /api/v1/product/upload_multiple/6377a715- HTTP/1.1" 500 2394 "-" "PostmanRuntime/7.28.0"
::1 - - [24/Jun/2021:08:50:05 +0000] "POST /api/v1/product/upload_multiple/6377a715- HTTP/1.1" 500 2394 "-" "PostmanRuntime/7.28.0"
::1 - - [24/Jun/2021:08:57:18 +0000] "POST /api/v1/product/upload_multiple/6377a715- HTTP/1.1" 500 909 "-" "PostmanRuntime/7.28.0"
::1 - - [24/Jun/2021:08:57:43 +0000] "POST /api/v1/product/upload_multiple/6377a715- HTTP/1.1" 500 1262 "-" "PostmanRuntime/7.28.0"
::1 - - [24/Jun/2021:08:59:50 +0000] "POST /api/v1/product/upload_multiple/6377a715- HTTP/1.1" 500 1262 "-" "PostmanRuntime/7.28.0"
::1 - - [24/Jun/2021:09:02:45 +0000] "POST /api/v1/product/upload_multiple/6377a715- HTTP/1.1" 500 2396 "-" "PostmanRuntime/7.28.0"
::1 - - [24/Jun/2021:09:08:34 +0000] "POST /api/v1/product/upload_multiple/6377a715- HTTP/1.1" 500 2576 "-" "PostmanRuntime/7.28.0"
::1 - - [24/Jun/2021:09:10:23 +0000] "POST /api/v1/product/upload_multiple/6377a715- HTTP/1.1" 500 2376 "-" "PostmanRuntime/7.28.0"
::1 - - [24/Jun/2021:09:12:08 +0000] "POST /api/v1/product/upload_multiple/6377a715- HTTP/1.1" 200 3868 "-" "PostmanRuntime/7.28.0"
::1 - - [24/Jun/2021:09:14:30 +0000] "POST /api/v1/product/upload_multiple/6377a715- HTTP/1.1" 500 2397 "-" "PostmanRuntime/7.28.0"
::1 - - [24/Jun/2021:09:16:55 +0000] "POST /api/v1/product/upload_multiple/6377a715- HTTP/1.1" 500 2397 "-" "PostmanRuntime/7.28.0"
::1 - - [24/Jun/2021:09:22:47 +0000] "POST /api/v1/product/upload_multiple/6377a715- HTTP/1.1" 500 144 "-" "PostmanRuntime/7.28.0"
::1 - - [24/Jun/2021:09:23:10 +0000] "POST /api/v1/auth_admin/login HTTP/1.1" 200 203 "-" "PostmanRuntime/7.28.0"
::1 - - [24/Jun/2021:09:23:38 +0000] "POST /api/v1/product/upload_multiple/6377a715- HTTP/1.1" 500 1023 "-" "PostmanRuntime/7.28.0"
::1 - - [24/Jun/2021:09:24:00 +0000] "POST /api/v1/product/upload_multiple/6377a715- HTTP/1.1" 500 2397 "-" "PostmanRuntime/7.28.0"
::1 - - [24/Jun/2021:09:28:51 +0000] "POST /api/v1/product/upload_multiple/6377a715- HTTP/1.1" 500 2397 "-" "PostmanRuntime/7.28.0"
::1 - - [24/Jun/2021:09:29:21 +0000] "POST /api/v1/product/upload_multiple/6377a715- HTTP/1.1" 500 1021 "-" "PostmanRuntime/7.28.0"
::1 - - [24/Jun/2021:09:30:52 +0000] "POST /api/v1/product/upload_multiple/6377a715- HTTP/1.1" 500 1024 "-" "PostmanRuntime/7.28.0"
::1 - - [24/Jun/2021:09:31:24 +0000] "POST /api/v1/product/upload_multiple/6377a715- HTTP/1.1" 200 3868 "-" "PostmanRuntime/7.28.0"
::1 - - [24/Jun/2021:09:36:22 +0000] "POST /api/v1/product/upload_multiple/6377a715- HTTP/1.1" 200 3868 "-" "PostmanRuntime/7.28.0"
::1 - - [24/Jun/2021:09:36:26 +0000] "POST /api/v1/product/upload_multiple/2d8ba5cc- HTTP/1.1" 500 144 "-" "PostmanRuntime/7.28.0"
::1 - - [24/Jun/2021:09:36:40 +0000] "POST /api/v1/product/upload_multiple/2d8ba5cc- HTTP/1.1" 200 5389 "-" "PostmanRuntime/7.28.0"
::1 - - [24/Jun/2021:09:42:35 +0000] "GET /api/v1/product HTTP/1.1" 200 760 "-" "PostmanRuntime/7.28.0"
::1 - - [24/Jun/2021:09:42:54 +0000] "GET /api/v1/product/2d8ba5cc- HTTP/1.1" 200 4443 "-" "PostmanRuntime/7.28.0"
::1 - - [24/Jun/2021:09:43:28 +0000] "GET /api/v1/product/category/d0127cf2- HTTP/1.1" 200 3506 "-" "PostmanRuntime/7.28.0"
::1 - - [24/Jun/2021:09:52:06 +0000] "GET /api/v1/product/category/d0127cf2- HTTP/1.1" 200 400 "-" "PostmanRuntime/7.28.0"
::1 - - [24/Jun/2021:09:53:42 +0000] "GET /api/v1/category HTTP/1.1" 200 558 "-" "PostmanRuntime/7.28.0"
::1 - - [24/Jun/2021:09:54:35 +0000] "GET /api/v1/producer HTTP/1.1" 200 419 "-" "PostmanRuntime/7.28.0"
::1 - - [24/Jun/2021:09:54:45 +0000] "POST /api/v1/product HTTP/1.1" 500 144 "-" "PostmanRuntime/7.28.0"
::1 - - [24/Jun/2021:09:54:58 +0000] "POST /api/v1/product HTTP/1.1" 500 144 "-" "PostmanRuntime/7.28.0"
::1 - - [24/Jun/2021:09:55:26 +0000] "POST /api/v1/product HTTP/1.1" 200 56 "-" "PostmanRuntime/7.28.0"
::1 - - [24/Jun/2021:09:56:21 +0000] "GET /api/v1/product HTTP/1.1" 200 760 "-" "PostmanRuntime/7.28.0"
::1 - - [24/Jun/2021:10:00:39 +0000] "POST /api/v1/product/upload_multiple/4c3bc32b- HTTP/1.1" 200 818 "-" "PostmanRuntime/7.28.0"
::1 - - [24/Jun/2021:10:03:49 +0000] "GET /api/v1/producer HTTP/1.1" 200 419 "-" "PostmanRuntime/7.28.0"
::1 - - [24/Jun/2021:10:03:58 +0000] "GET /api/v1/product/producer/e4506256- HTTP/1.1" 200 56 "-" "PostmanRuntime/7.28.0"
::1 - - [24/Jun/2021:10:04:25 +0000] "GET /api/v1/product/producer/e4506256- HTTP/1.1" 200 761 "-" "PostmanRuntime/7.28.0"
::1 - - [24/Jun/2021:10:04:50 +0000] "GET /api/v1/product/producer/e4506256- HTTP/1.1" 200 761 "-" "PostmanRuntime/7.28.0"
::1 - - [24/Jun/2021:10:09:23 +0000] "GET /api/v1/parameter/list_product_id HTTP/1.1" 200 247 "-" "PostmanRuntime/7.28.0"
::1 - - [24/Jun/2021:10:09:52 +0000] "GET /api/v1/parameter/list_category_id HTTP/1.1" 200 147 "-" "PostmanRuntime/7.28.0"
::1 - - [24/Jun/2021:10:14:02 +0000] "GET /api/v1/parameter/list_producer_id HTTP/1.1" 200 136 "-" "PostmanRuntime/7.28.0"
::1 - - [24/Jun/2021:10:14:28 +0000] "GET /api/v1/parameter/list_customer_id HTTP/1.1" 200 35 "-" "PostmanRuntime/7.28.0"
::1 - - [24/Jun/2021:10:15:53 +0000] "POST /api/v1/customer HTTP/1.1" 500 1805 "-" "PostmanRuntime/7.28.0"
::1 - - [24/Jun/2021:10:16:40 +0000] "POST /api/v1/customer HTTP/1.1" 500 1902 "-" "PostmanRuntime/7.28.0"
::1 - - [24/Jun/2021:10:16:55 +0000] "POST /api/v1/customer HTTP/1.1" 500 1985 "-" "PostmanRuntime/7.28.0"
::1 - - [24/Jun/2021:10:17:48 +0000] "POST /api/v1/customer HTTP/1.1" 200 50 "-" "PostmanRuntime/7.28.0"
::1 - - [24/Jun/2021:10:18:18 +0000] "GET /api/v1/parameter/list_customer_id HTTP/1.1" 200 86 "-" "PostmanRuntime/7.28.0"
::1 - - [24/Jun/2021:10:34:55 +0000] "GET /api/v1/parameter/list_customer_id HTTP/1.1" 200 86 "-" "PostmanRuntime/7.28.0"
::1 - - [24/Jun/2021:10:37:15 +0000] "POST /api/v1/customer/upload/6c494351- HTTP/1.1" 500 934 "-" "PostmanRuntime/7.28.0"
::1 - - [24/Jun/2021:10:38:18 +0000] "POST /api/v1/customer/upload/6c494351- HTTP/1.1" 500 2374 "-" "PostmanRuntime/7.28.0"
::1 - - [24/Jun/2021:10:38:55 +0000] "POST /api/v1/customer/upload/6c494351- HTTP/1.1" 200 437 "-" "PostmanRuntime/7.28.0"
::1 - - [24/Jun/2021:10:50:04 +0000] "GET /api/v1/customer HTTP/1.1" 500 144 "-" "PostmanRuntime/7.28.0"
::1 - - [24/Jun/2021:10:50:24 +0000] "GET /api/v1/customer HTTP/1.1" 200 346 "-" "PostmanRuntime/7.28.0"
::1 - - [24/Jun/2021:10:51:45 +0000] "GET /api/v1/customer/dung.nt304 HTTP/1.1" 500 2384 "-" "PostmanRuntime/7.28.0"
::1 - - [24/Jun/2021:10:52:18 +0000] "GET /api/v1/customer/dung.nt304 HTTP/1.1" 200 12 "-" "PostmanRuntime/7.28.0"
::1 - - [24/Jun/2021:10:53:29 +0000] "GET /api/v1/customer/username/ HTTP/1.1" 200 12 "-" "PostmanRuntime/7.28.0"
::1 - - [24/Jun/2021:10:54:46 +0000] "GET /api/v1/customer/username/dung.nt304 HTTP/1.1" 200 505 "-" "PostmanRuntime/7.28.0"
::1 - - [24/Jun/2021:13:08:26 +0000] "GET /api/v1/product/productImage/delete/uploads/product/2021-06-24T09-36-20.933Z186564402_308667160751331_7524320445645407905_n.jpg HTTP/1.1" 404 265 "-" "PostmanRuntime/7.28.0"
::1 - - [24/Jun/2021:13:09:00 +0000] "GET /api/v1/product/productImage/delete/'uploads/product/2021-06-24T09-36-20.933Z186564402_308667160751331_7524320445645407905_n.jpg' HTTP/1.1" 404 275 "-" "PostmanRuntime/7.28.0"
::1 - - [24/Jun/2021:13:11:35 +0000] "GET /api/v1/product/productImage/delete HTTP/1.1" 404 173 "-" "PostmanRuntime/7.28.0"
::1 - - [24/Jun/2021:13:11:51 +0000] "POST /api/v1/product/productImage/delete HTTP/1.1" 500 144 "-" "PostmanRuntime/7.28.0"
::1 - - [24/Jun/2021:13:12:10 +0000] "POST /api/v1/product/productImage/delete HTTP/1.1" 500 2344 "-" "PostmanRuntime/7.28.0"
::1 - - [24/Jun/2021:13:15:25 +0000] "POST /api/v1/product/productImage/delete HTTP/1.1" 500 539 "-" "PostmanRuntime/7.28.0"
::1 - - [24/Jun/2021:13:16:46 +0000] "POST /api/v1/product/productImage/delete HTTP/1.1" 500 539 "-" "PostmanRuntime/7.28.0"
::1 - - [24/Jun/2021:13:17:01 +0000] "POST /api/v1/product/productImage/delete HTTP/1.1" 500 539 "-" "PostmanRuntime/7.28.0"
::1 - - [24/Jun/2021:13:20:15 +0000] "POST /api/v1/product/productImage/delete HTTP/1.1" 200 44 "-" "PostmanRuntime/7.28.0"
::1 - - [24/Jun/2021:13:23:41 +0000] "POST /api/v1/product/productImage/delete HTTP/1.1" 200 44 "-" "PostmanRuntime/7.28.0"
::1 - - [24/Jun/2021:13:24:51 +0000] "POST /api/v1/product/productImage/delete HTTP/1.1" 200 44 "-" "PostmanRuntime/7.28.0"
::1 - - [24/Jun/2021:13:56:15 +0000] "POST /api/v1/product/productImage/delete HTTP/1.1" 200 45 "-" "PostmanRuntime/7.28.0"
::1 - - [24/Jun/2021:14:01:54 +0000] "POST /api/v1/auth_admin/login HTTP/1.1" 200 39 "-" "PostmanRuntime/7.28.0"
::1 - - [24/Jun/2021:14:02:47 +0000] "POST /api/v1/auth_admin/login HTTP/1.1" 200 39 "-" "PostmanRuntime/7.28.0"
::1 - - [24/Jun/2021:14:03:35 +0000] "POST /api/v1/auth_admin/login HTTP/1.1" 200 39 "-" "PostmanRuntime/7.28.0"
::1 - - [24/Jun/2021:14:15:44 +0000] "POST /api/v1/product/customerAvatar/delete HTTP/1.1" 404 176 "-" "PostmanRuntime/7.28.0"
::1 - - [24/Jun/2021:14:16:27 +0000] "POST /api/v1/product/customerAvatar/delete HTTP/1.1" 404 176 "-" "PostmanRuntime/7.28.0"
::1 - - [24/Jun/2021:14:16:39 +0000] "POST /api/v1/customer/customerAvatar/delete HTTP/1.1" 500 351 "-" "PostmanRuntime/7.28.0"
::1 - - [24/Jun/2021:14:17:12 +0000] "POST /api/v1/customer/customerAvatar/delete HTTP/1.1" 500 354 "-" "PostmanRuntime/7.28.0"
::1 - - [24/Jun/2021:14:18:45 +0000] "POST /api/v1/customer/customerAvatar/delete HTTP/1.1" 200 45 "-" "PostmanRuntime/7.28.0"
::1 - - [25/Jun/2021:02:24:47 +0000] "POST /api/v1/admin HTTP/1.1" 200 83 "-" "PostmanRuntime/7.28.0"
::1 - - [25/Jun/2021:02:24:57 +0000] "POST /api/v1/auth_admin/login HTTP/1.1" 200 203 "-" "PostmanRuntime/7.28.0"
::1 - - [25/Jun/2021:02:25:18 +0000] "PUT /api/v1/admin/update_pasword/ HTTP/1.1" 200 52 "-" "PostmanRuntime/7.28.0"
::1 - - [25/Jun/2021:02:25:26 +0000] "POST /api/v1/auth_admin/login HTTP/1.1" 200 203 "-" "PostmanRuntime/7.28.0"
::1 - - [25/Jun/2021:02:26:40 +0000] "GET /api/v1/admin/hieu.nq701 HTTP/1.1" 500 2358 "-" "PostmanRuntime/7.28.0"
::1 - - [25/Jun/2021:02:56:37 +0000] "GET /api/v1/admin/infor HTTP/1.1" 404 157 "-" "PostmanRuntime/7.28.0"
::1 - - [25/Jun/2021:02:57:22 +0000] "GET /api/v1/admin/infor HTTP/1.1" 404 157 "-" "PostmanRuntime/7.28.0"
::1 - - [25/Jun/2021:02:58:43 +0000] "GET /api/v1/admin/info HTTP/1.1" 500 1880 "-" "PostmanRuntime/7.28.0"
::1 - - [25/Jun/2021:03:00:51 +0000] "GET /api/v1/admin/info HTTP/1.1" 200 24 "-" "PostmanRuntime/7.28.0"
::1 - - [25/Jun/2021:03:11:33 +0000] "GET /api/v1/admin/upload HTTP/1.1" 404 158 "-" "PostmanRuntime/7.28.1"
::1 - - [25/Jun/2021:03:11:41 +0000] "POST /api/v1/admin/upload HTTP/1.1" 500 910 "-" "PostmanRuntime/7.28.1"
::1 - - [25/Jun/2021:03:12:41 +0000] "POST /api/v1/admin/upload HTTP/1.1" 500 2390 "-" "PostmanRuntime/7.28.1"
::1 - - [25/Jun/2021:03:13:15 +0000] "POST /api/v1/admin/upload HTTP/1.1" 500 2369 "-" "PostmanRuntime/7.28.1"
::1 - - [25/Jun/2021:03:14:19 +0000] "POST /api/v1/admin/upload HTTP/1.1" 500 2369 "-" "PostmanRuntime/7.28.1"
::1 - - [25/Jun/2021:03:14:32 +0000] "POST /api/v1/auth_admin/login HTTP/1.1" 200 231 "-" "PostmanRuntime/7.28.1"
::1 - - [25/Jun/2021:03:14:48 +0000] "POST /api/v1/admin/upload HTTP/1.1" 500 2369 "-" "PostmanRuntime/7.28.1"
::1 - - [25/Jun/2021:03:15:30 +0000] "POST /api/v1/admin/upload HTTP/1.1" 200 315 "-" "PostmanRuntime/7.28.1"
::1 - - [25/Jun/2021:03:15:43 +0000] "GET /api/v1/admin/info HTTP/1.1" 500 1880 "-" "PostmanRuntime/7.28.1"
::1 - - [25/Jun/2021:03:16:23 +0000] "GET /api/v1/admin/info HTTP/1.1" 500 1880 "-" "PostmanRuntime/7.28.1"
::1 - - [25/Jun/2021:03:17:05 +0000] "GET /api/v1/admin/info HTTP/1.1" 500 1880 "-" "PostmanRuntime/7.28.1"
::1 - - [25/Jun/2021:03:17:26 +0000] "GET /api/v1/admin/info HTTP/1.1" 500 1880 "-" "PostmanRuntime/7.28.1"
::1 - - [25/Jun/2021:03:18:09 +0000] "GET /api/v1/admin/info HTTP/1.1" 200 363 "-" "PostmanRuntime/7.28.1"
::1 - - [25/Jun/2021:03:19:00 +0000] "PUT /api/v1/admin/update_pasword/823dbbe5 HTTP/1.1" 404 175 "-" "PostmanRuntime/7.28.1"
::1 - - [25/Jun/2021:03:19:18 +0000] "PUT /api/v1/admin/update_password/823dbbe5 HTTP/1.1" 500 380 "-" "PostmanRuntime/7.28.1"
::1 - - [25/Jun/2021:03:20:08 +0000] "PUT /api/v1/admin/update_password/823dbbe5 HTTP/1.1" 500 380 "-" "PostmanRuntime/7.28.1"
::1 - - [25/Jun/2021:03:20:50 +0000] "PUT /api/v1/admin/update_password/823dbbe5 HTTP/1.1" 200 51 "-" "PostmanRuntime/7.28.1"
::1 - - [25/Jun/2021:03:21:08 +0000] "POST /api/v1/auth_admin/login HTTP/1.1" 200 39 "-" "PostmanRuntime/7.28.1"
::1 - - [25/Jun/2021:03:24:08 +0000] "GET /api/v1/parameter/list_account_id HTTP/1.1" 200 76 "-" "PostmanRuntime/7.28.1"
::1 - - [25/Jun/2021:03:47:51 +0000] "POST /api/v1/admin HTTP/1.1" 200 83 "-" "PostmanRuntime/7.28.1"
::1 - - [25/Jun/2021:03:47:59 +0000] "POST /api/v1/auth_admin/login HTTP/1.1" 200 231 "-" "PostmanRuntime/7.28.1"
::1 - - [25/Jun/2021:03:48:21 +0000] "GET /api/v1/admin/info HTTP/1.1" 200 288 "-" "PostmanRuntime/7.28.1"
::1 - - [25/Jun/2021:03:49:29 +0000] "PUT /api/v1/admin/update_password/1cad225a HTTP/1.1" 200 51 "-" "PostmanRuntime/7.28.1"
::1 - - [25/Jun/2021:03:49:49 +0000] "POST /api/v1/auth_admin/login HTTP/1.1" 200 231 "-" "PostmanRuntime/7.28.1"
::1 - - [25/Jun/2021:03:53:09 +0000] "PUT /api/v1/admin/update_password/1cad225a HTTP/1.1" 200 70 "-" "PostmanRuntime/7.28.1"
::1 - - [25/Jun/2021:03:54:08 +0000] "PUT /api/v1/admin/update_password/1cad225a HTTP/1.1" 200 70 "-" "PostmanRuntime/7.28.1"
::1 - - [25/Jun/2021:03:54:18 +0000] "PUT /api/v1/admin/update_password/1cad225a HTTP/1.1" 200 51 "-" "PostmanRuntime/7.28.1"
::1 - - [25/Jun/2021:03:54:27 +0000] "POST /api/v1/auth_admin/login HTTP/1.1" 200 39 "-" "PostmanRuntime/7.28.1"
::1 - - [25/Jun/2021:03:54:30 +0000] "POST /api/v1/auth_admin/login HTTP/1.1" 200 231 "-" "PostmanRuntime/7.28.1"
::1 - - [25/Jun/2021:04:04:23 +0000] "POST /api/v1/customer HTTP/1.1" 500 1985 "-" "PostmanRuntime/7.28.1"
::1 - - [25/Jun/2021:04:05:00 +0000] "POST /api/v1/customer HTTP/1.1" 200 50 "-" "PostmanRuntime/7.28.1"
::1 - - [25/Jun/2021:04:07:00 +0000] "POST /api/v1/auth_customer/login HTTP/1.1" 200 215 "-" "PostmanRuntime/7.28.1"
::1 - - [25/Jun/2021:04:07:12 +0000] "GET /api/v1/customer/info HTTP/1.1" 500 1317 "-" "PostmanRuntime/7.28.1"
::1 - - [25/Jun/2021:04:08:26 +0000] "GET /api/v1/customer/info HTTP/1.1" 500 348 "-" "PostmanRuntime/7.28.1"
::1 - - [25/Jun/2021:04:09:51 +0000] "GET /api/v1/customer/info HTTP/1.1" 500 1910 "-" "PostmanRuntime/7.28.1"
::1 - - [25/Jun/2021:04:10:16 +0000] "GET /api/v1/customer/info HTTP/1.1" 200 399 "-" "PostmanRuntime/7.28.1"
::1 - - [25/Jun/2021:04:11:05 +0000] "POST /api/v1/customer/upload HTTP/1.1" 200 437 "-" "PostmanRuntime/7.28.1"
::1 - - [25/Jun/2021:04:11:12 +0000] "GET /api/v1/customer/info HTTP/1.1" 200 515 "-" "PostmanRuntime/7.28.1"
::1 - - [25/Jun/2021:04:14:33 +0000] "POST /api/v1/customer/customerAvatar/delete HTTP/1.1" 500 147 "-" "PostmanRuntime/7.28.1"
::1 - - [25/Jun/2021:04:15:08 +0000] "POST /api/v1/customer/customerAvatar/delete HTTP/1.1" 200 44 "-" "PostmanRuntime/7.28.1"
::1 - - [25/Jun/2021:04:15:53 +0000] "POST /api/v1/customer/customerAvatar/delete HTTP/1.1" 200 45 "-" "PostmanRuntime/7.28.1"
::1 - - [25/Jun/2021:04:16:16 +0000] "GET /api/v1/customer/info HTTP/1.1" 200 515 "-" "PostmanRuntime/7.28.1"
::1 - - [25/Jun/2021:04:16:19 +0000] "GET /api/v1/customer/info HTTP/1.1" 200 515 "-" "PostmanRuntime/7.28.1"
::1 - - [25/Jun/2021:04:19:44 +0000] "GET /api/v1/customer/info HTTP/1.1" 200 399 "-" "PostmanRuntime/7.28.1"
::1 - - [25/Jun/2021:04:19:57 +0000] "POST /api/v1/customer/upload HTTP/1.1" 200 437 "-" "PostmanRuntime/7.28.1"
::1 - - [25/Jun/2021:04:20:08 +0000] "GET /api/v1/customer/info HTTP/1.1" 200 515 "-" "PostmanRuntime/7.28.1"
::1 - - [25/Jun/2021:04:20:20 +0000] "POST /api/v1/customer/customerAvatar/delete HTTP/1.1" 200 45 "-" "PostmanRuntime/7.28.1"
::1 - - [25/Jun/2021:04:20:28 +0000] "GET /api/v1/customer/info HTTP/1.1" 200 399 "-" "PostmanRuntime/7.28.1"
::1 - - [25/Jun/2021:04:30:39 +0000] "POST /api/v1/admin HTTP/1.1" 200 83 "-" "PostmanRuntime/7.28.1"
::1 - - [25/Jun/2021:04:31:05 +0000] "POST /api/v1/auth_admin/login HTTP/1.1" 200 231 "-" "PostmanRuntime/7.28.1"
::1 - - [25/Jun/2021:04:31:26 +0000] "GET /api/v1/admin/info HTTP/1.1" 200 288 "-" "PostmanRuntime/7.28.1"
::1 - - [25/Jun/2021:04:31:45 +0000] "POST /api/v1/admin/upload HTTP/1.1" 500 144 "-" "PostmanRuntime/7.28.1"
::1 - - [25/Jun/2021:04:32:07 +0000] "POST /api/v1/admin/upload HTTP/1.1" 200 315 "-" "PostmanRuntime/7.28.1"
::1 - - [25/Jun/2021:04:36:43 +0000] "GET /api/v1/admin/info HTTP/1.1" 200 363 "-" "PostmanRuntime/7.28.1"
::1 - - [25/Jun/2021:04:39:21 +0000] "POST /api/v1/category HTTP/1.1" 500 144 "-" "PostmanRuntime/7.28.1"
::1 - - [25/Jun/2021:04:39:27 +0000] "POST /api/v1/category HTTP/1.1" 200 58 "-" "PostmanRuntime/7.28.1"
::1 - - [25/Jun/2021:04:41:16 +0000] "GET /api/v1/category HTTP/1.1" 200 222 "-" "PostmanRuntime/7.28.1"
::1 - - [25/Jun/2021:04:42:09 +0000] "POST /api/v1/category HTTP/1.1" 200 58 "-" "PostmanRuntime/7.28.1"
::1 - - [25/Jun/2021:04:42:25 +0000] "POST /api/v1/category HTTP/1.1" 200 58 "-" "PostmanRuntime/7.28.1"
::1 - - [25/Jun/2021:04:42:33 +0000] "GET /api/v1/category HTTP/1.1" 200 555 "-" "PostmanRuntime/7.28.1"
::1 - - [25/Jun/2021:04:43:04 +0000] "POST /api/v1/producer HTTP/1.1" 200 58 "-" "PostmanRuntime/7.28.1"
::1 - - [25/Jun/2021:04:43:12 +0000] "POST /api/v1/producer HTTP/1.1" 200 58 "-" "PostmanRuntime/7.28.1"
::1 - - [25/Jun/2021:04:43:21 +0000] "GET /api/v1/producer HTTP/1.1" 200 417 "-" "PostmanRuntime/7.28.1"
::1 - - [25/Jun/2021:04:53:03 +0000] "GET /api/v1/producer HTTP/1.1" 200 417 "-" "PostmanRuntime/7.28.1"
::1 - - [25/Jun/2021:04:53:04 +0000] "GET /api/v1/category HTTP/1.1" 200 555 "-" "PostmanRuntime/7.28.1"
::1 - - [25/Jun/2021:04:53:39 +0000] "POST /api/v1/product HTTP/1.1" 500 144 "-" "PostmanRuntime/7.28.1"
::1 - - [25/Jun/2021:04:53:47 +0000] "GET /api/v1/admin/info HTTP/1.1" 200 363 "-" "PostmanRuntime/7.28.1"
::1 - - [25/Jun/2021:04:53:54 +0000] "POST /api/v1/product HTTP/1.1" 200 56 "-" "PostmanRuntime/7.28.1"
::1 - - [25/Jun/2021:05:01:39 +0000] "POST /api/v1/product HTTP/1.1" 200 56 "-" "PostmanRuntime/7.28.1"
::1 - - [25/Jun/2021:05:02:33 +0000] "POST /api/v1/product HTTP/1.1" 200 56 "-" "PostmanRuntime/7.28.1"
::1 - - [25/Jun/2021:07:09:41 +0000] "GET /api/v1/product HTTP/1.1" 200 56 "-" "PostmanRuntime/7.28.1"
::1 - - [25/Jun/2021:07:10:27 +0000] "GET /api/v1/parameter/list_product_id HTTP/1.1" 200 240 "-" "PostmanRuntime/7.28.1"
::1 - - [25/Jun/2021:07:23:44 +0000] "POST /api/v1/product HTTP/1.1" 200 56 "-" "PostmanRuntime/7.28.1"
::1 - - [25/Jun/2021:07:25:03 +0000] "GET /api/v1/parameter/list_product_id HTTP/1.1" 200 304 "-" "PostmanRuntime/7.28.1"
::1 - - [25/Jun/2021:07:25:42 +0000] "POST /api/v1/product/upload_multiple/45eb20fb HTTP/1.1" 200 2353 "-" "PostmanRuntime/7.28.1"
::1 - - [25/Jun/2021:07:26:50 +0000] "POST /api/v1/product/upload_multiple/6c54b263 HTTP/1.1" 200 818 "-" "PostmanRuntime/7.28.1"
::1 - - [25/Jun/2021:07:27:16 +0000] "POST /api/v1/product/upload_multiple/56d4cf67 HTTP/1.1" 200 5389 "-" "PostmanRuntime/7.28.1"
::1 - - [25/Jun/2021:07:27:37 +0000] "POST /api/v1/product/upload_multiple/8be347cd HTTP/1.1" 200 3868 "-" "PostmanRuntime/7.28.1"
::1 - - [25/Jun/2021:07:27:47 +0000] "GET /api/v1/product HTTP/1.1" 200 1442 "-" "PostmanRuntime/7.28.1"
::1 - - [25/Jun/2021:07:32:48 +0000] "GET /api/v1/product/category/bc8ca11d HTTP/1.1" 200 739 "-" "PostmanRuntime/7.28.1"
::1 - - [25/Jun/2021:07:33:32 +0000] "GET /api/v1/product/producer/d88f04a4 HTTP/1.1" 200 1098 "-" "PostmanRuntime/7.28.1"
::1 - - [25/Jun/2021:07:35:02 +0000] "GET /api/v1/product/producer/d88f04a4 HTTP/1.1" 200 1098 "-" "PostmanRuntime/7.28.1"
::1 - - [25/Jun/2021:07:35:29 +0000] "POST /api/v1/product/productImage/delete HTTP/1.1" 500 144 "-" "PostmanRuntime/7.28.1"
::1 - - [25/Jun/2021:07:35:56 +0000] "POST /api/v1/product/productImage/delete HTTP/1.1" 200 45 "-" "PostmanRuntime/7.28.1"
::1 - - [25/Jun/2021:07:38:54 +0000] "GET /api/v1/product/producer/d88f04a4 HTTP/1.1" 200 1097 "-" "PostmanRuntime/7.28.1"
::1 - - [25/Jun/2021:07:39:45 +0000] "POST /api/v1/product/upload_multiple/45eb20fb HTTP/1.1" 200 442 "-" "PostmanRuntime/7.28.1"
::1 - - [25/Jun/2021:07:40:05 +0000] "GET /api/v1/product HTTP/1.1" 200 1441 "-" "PostmanRuntime/7.28.1"
::1 - - [25/Jun/2021:07:41:04 +0000] "POST /api/v1/customer HTTP/1.1" 200 50 "-" "PostmanRuntime/7.28.1"
::1 - - [25/Jun/2021:07:41:17 +0000] "POST /api/v1/auth_customer/login HTTP/1.1" 200 215 "-" "PostmanRuntime/7.28.1"
::1 - - [25/Jun/2021:07:41:29 +0000] "GET /api/v1/auth_customer/me HTTP/1.1" 500 1320 "-" "PostmanRuntime/7.28.1"
::1 - - [25/Jun/2021:07:43:27 +0000] "GET /api/v1/auth_customer/me HTTP/1.1" 500 1288 "-" "PostmanRuntime/7.28.1"
::1 - - [25/Jun/2021:07:44:09 +0000] "GET /api/v1/auth_customer/me HTTP/1.1" 200 388 "-" "PostmanRuntime/7.28.1"
::1 - - [25/Jun/2021:07:44:42 +0000] "POST /api/v1/customer/upload HTTP/1.1" 200 437 "-" "PostmanRuntime/7.28.1"
::1 - - [25/Jun/2021:07:44:47 +0000] "GET /api/v1/customer HTTP/1.1" 500 144 "-" "PostmanRuntime/7.28.1"
::1 - - [25/Jun/2021:07:45:05 +0000] "GET /api/v1/customer HTTP/1.1" 200 240 "-" "PostmanRuntime/7.28.1"
::1 - - [25/Jun/2021:07:45:35 +0000] "GET /api/v1/customer/info HTTP/1.1" 200 515 "-" "PostmanRuntime/7.28.1"
::1 - - [25/Jun/2021:07:46:25 +0000] "GET /api/v1/customer HTTP/1.1" 500 147 "-" "PostmanRuntime/7.28.1"
::1 - - [25/Jun/2021:07:47:49 +0000] "PUT /api/v1/customer/update_password/b176fb97 HTTP/1.1" 500 361 "-" "PostmanRuntime/7.28.1"
::1 - - [25/Jun/2021:07:48:51 +0000] "PUT /api/v1/customer/update_password/b176fb97 HTTP/1.1" 200 70 "-" "PostmanRuntime/7.28.1"
::1 - - [25/Jun/2021:07:49:09 +0000] "PUT /api/v1/customer/update_password/b176fb97 HTTP/1.1" 500 1948 "-" "PostmanRuntime/7.28.1"
::1 - - [25/Jun/2021:07:52:27 +0000] "PUT /api/v1/customer/update_password/b176fb97 HTTP/1.1" 500 1948 "-" "PostmanRuntime/7.28.1"
::1 - - [25/Jun/2021:07:55:13 +0000] "PUT /api/v1/customer/update_password/b176fb97 HTTP/1.1" 500 1948 "-" "PostmanRuntime/7.28.1"
::1 - - [25/Jun/2021:07:59:37 +0000] "PUT /api/v1/customer/update_password/b176fb97 HTTP/1.1" 200 51 "-" "PostmanRuntime/7.28.1"
::1 - - [25/Jun/2021:08:00:45 +0000] "POST /api/v1/customer HTTP/1.1" 200 50 "-" "PostmanRuntime/7.28.1"
::1 - - [25/Jun/2021:08:01:09 +0000] "PUT /api/v1/customer/update_password/b176fb97 HTTP/1.1" 500 382 "-" "PostmanRuntime/7.28.1"
::1 - - [25/Jun/2021:08:01:34 +0000] "POST /api/v1/auth_customer/login HTTP/1.1" 200 215 "-" "PostmanRuntime/7.28.1"
::1 - - [25/Jun/2021:08:01:55 +0000] "GET /api/v1/customer/info HTTP/1.1" 200 399 "-" "PostmanRuntime/7.28.1"
::1 - - [25/Jun/2021:08:02:19 +0000] "PUT /api/v1/customer/update_password/7143ebcb HTTP/1.1" 500 1948 "-" "PostmanRuntime/7.28.1"
::1 - - [25/Jun/2021:08:02:45 +0000] "PUT /api/v1/customer/update_password/7143ebcb HTTP/1.1" 200 51 "-" "PostmanRuntime/7.28.1"
::1 - - [25/Jun/2021:08:03:13 +0000] "POST /api/v1/customer/upload HTTP/1.1" 500 2594 "-" "PostmanRuntime/7.28.1"
::1 - - [25/Jun/2021:08:03:37 +0000] "POST /api/v1/customer/upload HTTP/1.1" 200 437 "-" "PostmanRuntime/7.28.1"
::1 - - [25/Jun/2021:08:04:49 +0000] "POST /api/v1/order/customer HTTP/1.1" 500 2539 "-" "PostmanRuntime/7.28.1"
::1 - - [25/Jun/2021:08:06:24 +0000] "GET /api/v1/district/1 HTTP/1.1" 200 5734 "-" "PostmanRuntime/7.28.1"
::1 - - [25/Jun/2021:08:17:55 +0000] "POST /api/v1/admin HTTP/1.1" 200 83 "-" "PostmanRuntime/7.28.1"
::1 - - [25/Jun/2021:08:18:49 +0000] "POST /api/v1/auth_admin/login HTTP/1.1" 200 231 "-" "PostmanRuntime/7.28.1"
::1 - - [25/Jun/2021:08:19:03 +0000] "POST /api/v1/admin/upload HTTP/1.1" 200 315 "-" "PostmanRuntime/7.28.1"
::1 - - [25/Jun/2021:08:19:24 +0000] "POST /api/v1/category HTTP/1.1" 200 58 "-" "PostmanRuntime/7.28.1"
::1 - - [25/Jun/2021:08:19:35 +0000] "POST /api/v1/category HTTP/1.1" 200 58 "-" "PostmanRuntime/7.28.1"
::1 - - [25/Jun/2021:08:19:55 +0000] "POST /api/v1/category HTTP/1.1" 200 58 "-" "PostmanRuntime/7.28.1"
::1 - - [25/Jun/2021:08:20:05 +0000] "GET /api/v1/category HTTP/1.1" 200 555 "-" "PostmanRuntime/7.28.1"
::1 - - [25/Jun/2021:08:20:31 +0000] "POST /api/v1/producer HTTP/1.1" 200 58 "-" "PostmanRuntime/7.28.1"
::1 - - [25/Jun/2021:08:20:41 +0000] "POST /api/v1/producer HTTP/1.1" 200 58 "-" "PostmanRuntime/7.28.1"
::1 - - [25/Jun/2021:08:20:48 +0000] "GET /api/v1/producer HTTP/1.1" 200 417 "-" "PostmanRuntime/7.28.1"
::1 - - [25/Jun/2021:08:23:17 +0000] "POST /api/v1/product HTTP/1.1" 200 56 "-" "PostmanRuntime/7.28.1"
::1 - - [25/Jun/2021:08:24:28 +0000] "POST /api/v1/product HTTP/1.1" 200 56 "-" "PostmanRuntime/7.28.1"
::1 - - [25/Jun/2021:08:25:15 +0000] "POST /api/v1/product HTTP/1.1" 200 56 "-" "PostmanRuntime/7.28.1"
::1 - - [25/Jun/2021:08:25:56 +0000] "POST /api/v1/product HTTP/1.1" 200 56 "-" "PostmanRuntime/7.28.1"
::1 - - [25/Jun/2021:08:26:13 +0000] "GET /api/v1/parameter/list_product_id HTTP/1.1" 200 304 "-" "PostmanRuntime/7.28.1"
::1 - - [25/Jun/2021:08:26:56 +0000] "POST /api/v1/product/upload_multiple/f62928a5 HTTP/1.1" 200 2353 "-" "PostmanRuntime/7.28.1"
::1 - - [25/Jun/2021:08:27:36 +0000] "POST /api/v1/product/upload_multiple/de1509be HTTP/1.1" 200 3868 "-" "PostmanRuntime/7.28.1"
::1 - - [25/Jun/2021:08:28:17 +0000] "POST /api/v1/product/upload_multiple/97940626 HTTP/1.1" 200 5389 "-" "PostmanRuntime/7.28.1"
::1 - - [25/Jun/2021:08:28:43 +0000] "POST /api/v1/product/upload_multiple/c2255346 HTTP/1.1" 200 818 "-" "PostmanRuntime/7.28.1"
::1 - - [25/Jun/2021:08:29:11 +0000] "GET /api/v1/product HTTP/1.1" 200 1441 "-" "PostmanRuntime/7.28.1"
::1 - - [25/Jun/2021:08:29:38 +0000] "POST /api/v1/customer HTTP/1.1" 500 1985 "-" "PostmanRuntime/7.28.1"
::1 - - [25/Jun/2021:08:29:58 +0000] "POST /api/v1/customer HTTP/1.1" 200 50 "-" "PostmanRuntime/7.28.1"
::1 - - [25/Jun/2021:08:30:11 +0000] "POST /api/v1/auth_customer/login HTTP/1.1" 200 215 "-" "PostmanRuntime/7.28.1"
::1 - - [25/Jun/2021:08:30:32 +0000] "POST /api/v1/customer/upload HTTP/1.1" 200 437 "-" "PostmanRuntime/7.28.1"
::1 - - [25/Jun/2021:08:30:44 +0000] "GET /api/v1/auth_customer/me HTTP/1.1" 200 504 "-" "PostmanRuntime/7.28.1"
::1 - - [25/Jun/2021:08:31:01 +0000] "GET /api/v1/auth_customer/me HTTP/1.1" 200 504 "-" "PostmanRuntime/7.28.1"
::1 - - [25/Jun/2021:08:31:26 +0000] "POST /api/v1/order/customer HTTP/1.1" 200 45 "-" "PostmanRuntime/7.28.1"
::1 - - [25/Jun/2021:08:32:52 +0000] "GET /api/v1/order/customer HTTP/1.1" 200 467 "-" "PostmanRuntime/7.28.1"
::1 - - [25/Jun/2021:08:42:34 +0000] "GET /api/v1/customer/info HTTP/1.1" 200 12 "-" "PostmanRuntime/7.28.1"
::1 - - [25/Jun/2021:08:43:41 +0000] "GET /api/v1/customer/info HTTP/1.1" 200 515 "-" "PostmanRuntime/7.28.1"
::1 - - [25/Jun/2021:08:44:04 +0000] "GET /api/v1/customer/868858de HTTP/1.1" 200 515 "-" "PostmanRuntime/7.28.1"
::1 - - [25/Jun/2021:08:44:37 +0000] "GET /api/v1/order/customer HTTP/1.1" 200 467 "-" "PostmanRuntime/7.28.1"
::1 - - [25/Jun/2021:08:50:22 +0000] "GET /api/v1/order/customer/info HTTP/1.1" 500 144 "-" "PostmanRuntime/7.28.1"
::1 - - [25/Jun/2021:08:50:34 +0000] "GET /api/v1/order/customer/info HTTP/1.1" 200 12 "-" "PostmanRuntime/7.28.1"
::1 - - [25/Jun/2021:08:51:43 +0000] "GET /api/v1/order/customer/info HTTP/1.1" 500 147 "-" "PostmanRuntime/7.28.1"
::1 - - [25/Jun/2021:08:52:05 +0000] "GET /api/v1/order/customer/info HTTP/1.1" 200 12 "-" "PostmanRuntime/7.28.1"
::1 - - [25/Jun/2021:08:53:57 +0000] "GET /api/v1/order/customer/info HTTP/1.1" 200 12 "-" "PostmanRuntime/7.28.1"
::1 - - [25/Jun/2021:08:55:55 +0000] "GET /api/v1/order/customer/info HTTP/1.1" 500 147 "-" "PostmanRuntime/7.28.1"
::1 - - [25/Jun/2021:08:56:08 +0000] "GET /api/v1/order/customer/e1af4be HTTP/1.1" 500 144 "-" "PostmanRuntime/7.28.1"
::1 - - [25/Jun/2021:08:56:18 +0000] "GET /api/v1/order/customer/e1af4be HTTP/1.1" 500 147 "-" "PostmanRuntime/7.28.1"
::1 - - [25/Jun/2021:08:56:30 +0000] "GET /api/v1/order/customer/e1af4be HTTP/1.1" 200 12 "-" "PostmanRuntime/7.28.1"
::1 - - [25/Jun/2021:08:57:51 +0000] "GET /api/v1/order/customer/orderInfor HTTP/1.1" 200 12 "-" "PostmanRuntime/7.28.1"
::1 - - [25/Jun/2021:08:58:25 +0000] "GET /api/v1/order/orderInfor HTTP/1.1" 404 162 "-" "PostmanRuntime/7.28.1"
::1 - - [25/Jun/2021:08:58:46 +0000] "GET /api/v1/order/orderInfo HTTP/1.1" 200 12 "-" "PostmanRuntime/7.28.1"
::1 - - [25/Jun/2021:08:59:01 +0000] "GET /api/v1/order/orderInfo HTTP/1.1" 200 431 "-" "PostmanRuntime/7.28.1"
::1 - - [25/Jun/2021:08:59:23 +0000] "GET /api/v1/order/customer/e1af4be HTTP/1.1" 200 12 "-" "PostmanRuntime/7.28.1"
::1 - - [25/Jun/2021:08:59:43 +0000] "GET /api/v1/order/customer/868858de HTTP/1.1" 200 431 "-" "PostmanRuntime/7.28.1"
::1 - - [25/Jun/2021:09:02:21 +0000] "GET /api/v1/parameter/list_product_id HTTP/1.1" 200 304 "-" "PostmanRuntime/7.28.1"
::1 - - [25/Jun/2021:09:05:15 +0000] "POST /api/v1/orderDetail HTTP/1.1" 200 51 "-" "PostmanRuntime/7.28.1"
::1 - - [25/Jun/2021:09:05:39 +0000] "POST /api/v1/orderDetail HTTP/1.1" 200 51 "-" "PostmanRuntime/7.28.1"
::1 - - [25/Jun/2021:09:05:58 +0000] "POST /api/v1/orderDetail HTTP/1.1" 200 51 "-" "PostmanRuntime/7.28.1"
::1 - - [25/Jun/2021:09:06:06 +0000] "GET /api/v1/orderDetail/code/55 HTTP/1.1" 500 2401 "-" "PostmanRuntime/7.28.1"
::1 - - [25/Jun/2021:09:32:52 +0000] "GET /api/v1/order/orderInfo HTTP/1.1" 200 1546 "-" "PostmanRuntime/7.28.1"
::1 - - [25/Jun/2021:09:37:02 +0000] "PUT /api/v1/order/customer/55 HTTP/1.1" 200 48 "-" "PostmanRuntime/7.28.1"
::1 - - [25/Jun/2021:09:37:08 +0000] "GET /api/v1/order/orderInfo HTTP/1.1" 200 1552 "-" "PostmanRuntime/7.28.1"
::1 - - [25/Jun/2021:09:46:02 +0000] "POST /api/v1/order/guest HTTP/1.1" 500 2351 "-" "PostmanRuntime/7.28.1"
::1 - - [25/Jun/2021:09:46:28 +0000] "POST /api/v1/order/guest HTTP/1.1" 200 45 "-" "PostmanRuntime/7.28.1"
::1 - - [25/Jun/2021:09:46:55 +0000] "GET /api/v1/orde/guest/087945782136 HTTP/1.1" 404 169 "-" "PostmanRuntime/7.28.1"
::1 - - [25/Jun/2021:09:47:10 +0000] "GET /api/v1/order/guest/087945782136 HTTP/1.1" 500 381 "-" "PostmanRuntime/7.28.1"
::1 - - [25/Jun/2021:09:51:06 +0000] "GET /api/v1/order/guest/087945782136 HTTP/1.1" 200 387 "-" "PostmanRuntime/7.28.1"
::1 - - [25/Jun/2021:09:52:13 +0000] "POST /api/v1/orderDetail HTTP/1.1" 200 51 "-" "PostmanRuntime/7.28.1"
::1 - - [25/Jun/2021:09:52:31 +0000] "POST /api/v1/orderDetail HTTP/1.1" 200 51 "-" "PostmanRuntime/7.28.1"
::1 - - [25/Jun/2021:09:52:46 +0000] "POST /api/v1/orderDetail HTTP/1.1" 200 51 "-" "PostmanRuntime/7.28.1"
::1 - - [25/Jun/2021:09:52:54 +0000] "GET /api/v1/order/guest/087945782136 HTTP/1.1" 200 387 "-" "PostmanRuntime/7.28.1"
::1 - - [25/Jun/2021:09:53:31 +0000] "GET /api/v1/order/guest/087945782136 HTTP/1.1" 200 1502 "-" "PostmanRuntime/7.28.1"
::1 - - [25/Jun/2021:10:55:55 +0000] "POST /api/v1/admin HTTP/1.1" 200 83 "-" "PostmanRuntime/7.28.1"
::1 - - [25/Jun/2021:10:56:05 +0000] "POST /api/v1/auth_admin/login HTTP/1.1" 200 231 "-" "PostmanRuntime/7.28.1"
::1 - - [25/Jun/2021:11:31:53 +0000] "POST /api/v1/admin HTTP/1.1" 200 83 "-" "PostmanRuntime/7.28.1"
::1 - - [25/Jun/2021:11:32:20 +0000] "POST /api/v1/auth_admin/login HTTP/1.1" 200 234 "-" "PostmanRuntime/7.28.1"
::1 - - [25/Jun/2021:11:48:31 +0000] "POST /api/v1/auth_admin/login HTTP/1.1" 500 2400 "-" "PostmanRuntime/7.28.1"
::1 - - [25/Jun/2021:11:49:36 +0000] "POST /api/v1/auth_admin/login HTTP/1.1" 200 234 "-" "PostmanRuntime/7.28.1"
